2020/06/18 15:11:22 ---------------------
2020/06/18 15:11:22 Traveller started
2020/06/18 15:11:22 Setting database file to 
2020/06/18 15:11:22 Setting database file to ./traveller.db
2020/06/18 15:12:41 ---------------------
2020/06/18 15:12:41 Traveller started
2020/06/18 15:12:41 Setting database file to ./traveller.db
2020/06/18 15:12:48 ---------------------
2020/06/18 15:12:48 Traveller started
2020/06/18 15:12:48 Setting database file to ./traveller.db
2020/06/18 15:13:57 ---------------------
2020/06/18 15:13:57 Traveller started
2020/06/18 15:13:57 Setting database file to ./traveller.db
2020/06/18 15:14:13 ---------------------
2020/06/18 15:14:13 Traveller started
2020/06/18 15:14:13 Setting database file to ./traveller.db
2020/06/18 15:46:29 ---------------------
2020/06/18 15:46:29 Traveller started
2020/06/18 15:46:29 Setting database file to ./traveller.db
2020/06/18 15:48:25 ---------------------
2020/06/18 15:48:25 Traveller started
2020/06/18 15:48:25 Setting database file to ./traveller.db
2020/06/18 15:58:20 ---------------------
2020/06/18 15:58:20 Traveller started
2020/06/18 15:58:20 Setting database file to ./traveller.db
2020/06/18 16:01:53 ---------------------
2020/06/18 16:01:53 Traveller started
2020/06/18 16:01:53 Setting database file to ./traveller.db
2020/06/18 16:34:52 ---------------------
2020/06/18 16:34:52 Traveller started
2020/06/18 16:34:52 Setting database file to ./traveller.db
2020/06/18 16:44:33 ---------------------
2020/06/18 16:44:33 Traveller started
2020/06/18 16:44:33 Setting database file to ./traveller.db
2020/06/18 16:49:57 ---------------------
2020/06/18 16:49:57 Traveller started
2020/06/18 16:49:57 Setting database file to ./traveller.db
2020/06/18 16:59:14 ---------------------
2020/06/18 16:59:14 Traveller started
2020/06/18 16:59:14 Setting database file to ./traveller.db
2020/06/18 17:15:37 ---------------------
2020/06/18 17:15:37 Traveller started
2020/06/18 17:15:37 Setting database file to ./traveller.db
2020/06/18 17:23:29 ---------------------
2020/06/18 17:23:29 Traveller started
2020/06/18 17:23:29 Setting database file to ./traveller.db
2020/06/18 17:24:11 ---------------------
2020/06/18 17:24:11 Traveller started
2020/06/18 17:24:11 Setting database file to ./traveller.db
2020/06/18 17:24:59 ---------------------
2020/06/18 17:24:59 Traveller started
2020/06/18 17:24:59 Setting database file to ./traveller.db
2020/06/18 17:29:16 ---------------------
2020/06/18 17:29:16 Traveller started
2020/06/18 17:29:16 Setting database file to ./traveller.db
2020/06/18 17:29:31 Ending the program
2020/06/18 17:30:12 ---------------------
2020/06/18 17:30:12 Traveller started
2020/06/18 17:30:12 Setting database file to ./traveller.db
2020/06/19 12:05:33 ---------------------
2020/06/19 12:05:33 Traveller started
2020/06/19 12:05:33 Setting database file to ./traveller.db
2020/06/19 12:15:26 ---------------------
2020/06/19 12:15:26 Traveller started
2020/06/19 12:15:26 Setting database file to ./traveller.db
2020/06/19 12:39:23 ---------------------
2020/06/19 12:39:23 Traveller started
2020/06/19 12:39:23 Setting database file to ./traveller.db
2020/06/19 12:39:47 ---------------------
2020/06/19 12:39:47 Traveller started
2020/06/19 12:39:47 Setting database file to ./traveller.db
2020/06/19 13:35:20 ---------------------
2020/06/19 13:35:20 Traveller started
2020/06/19 13:35:20 Setting database file to ./traveller.db
2020/06/19 13:48:46 ---------------------
2020/06/19 13:48:46 Traveller started
2020/06/19 13:48:46 Setting database file to ./traveller.db
2020/06/19 13:49:50 ---------------------
2020/06/19 13:49:50 Traveller started
2020/06/19 13:49:50 Setting database file to ./traveller.db
2020/06/19 13:51:35 ---------------------
2020/06/19 13:51:36 Traveller started
2020/06/19 13:51:36 Setting database file to ./traveller.db
2020/06/19 13:57:13 ---------------------
2020/06/19 13:57:13 Traveller started
2020/06/19 13:57:13 Setting database file to ./traveller.db
2020/06/19 14:20:56 ---------------------
2020/06/19 14:20:56 Traveller started
2020/06/19 14:20:56 Setting database file to ./traveller.db
2020/06/19 14:24:30 ---------------------
2020/06/19 14:24:30 Traveller started
2020/06/19 14:24:30 Setting database file to ./traveller.db
2020/06/19 14:27:45 ---------------------
2020/06/19 14:27:45 Traveller started
2020/06/19 14:27:45 Setting database file to ./traveller.db
2020/06/19 14:28:46 ---------------------
2020/06/19 14:28:46 Traveller started
2020/06/19 14:28:46 Setting database file to ./traveller.db
2020/06/19 14:29:48 ---------------------
2020/06/19 14:29:48 Traveller started
2020/06/19 14:29:48 Setting database file to ./traveller.db
2020/06/19 14:32:41 ---------------------
2020/06/19 14:32:41 Traveller started
2020/06/19 14:32:41 Setting database file to ./traveller.db
2020/06/19 15:07:54 ---------------------
2020/06/19 15:07:54 Traveller started
2020/06/19 15:07:54 Setting database file to ./traveller.db
2020/06/19 15:20:04 ---------------------
2020/06/19 15:20:04 Traveller started
2020/06/19 15:20:04 Setting database file to ./traveller.db
2020/06/19 15:51:12 ---------------------
2020/06/19 15:51:12 Traveller started
2020/06/19 15:51:12 Setting database file to ./traveller.db
2020/06/19 15:52:16 ---------------------
2020/06/19 15:52:16 Traveller started
2020/06/19 15:52:16 Setting database file to ./traveller.db
2020/06/19 15:54:14 ---------------------
2020/06/19 15:54:14 Traveller started
2020/06/19 15:54:14 Setting database file to ./traveller.db
2020/06/22 14:35:27 ---------------------
2020/06/22 14:35:27 Traveller started
2020/06/22 14:35:27 Setting database file to ./traveller.db
2020/06/22 14:35:32 ---------------------
2020/06/22 14:35:32 Traveller started
2020/06/22 14:35:32 Setting database file to ./traveller.db
2020/06/22 14:37:21 ---------------------
2020/06/22 14:37:21 Traveller started
2020/06/22 14:37:21 Setting database file to ./traveller.db
2020/06/22 14:45:55 ---------------------
2020/06/22 14:45:55 Traveller started
2020/06/22 14:45:55 Setting database file to ./traveller.db
2020/06/22 14:48:53 ---------------------
2020/06/22 14:48:53 Traveller started
2020/06/22 14:48:53 Setting database file to ./traveller.db
2020/06/22 15:54:33 ---------------------
2020/06/22 15:54:33 Traveller started
2020/06/22 15:54:33 Setting database file to ./traveller.db
2020/06/22 16:36:56 ---------------------
2020/06/22 16:36:56 Traveller started
2020/06/22 16:36:56 Setting database file to ./traveller.db
2020/06/22 16:37:49 ---------------------
2020/06/22 16:37:49 Traveller started
2020/06/22 16:37:49 Setting database file to ./traveller.db
2020/06/22 16:38:03 ---------------------
2020/06/22 16:38:03 Traveller started
2020/06/22 16:38:03 Setting database file to ./traveller.db
2020/06/22 16:39:54 ---------------------
2020/06/22 16:39:54 Traveller started
2020/06/22 16:39:54 Setting database file to ./traveller.db
2020/06/22 16:41:23 ---------------------
2020/06/22 16:41:23 Traveller started
2020/06/22 16:41:23 Setting database file to ./traveller.db
2020/06/22 16:45:34 ---------------------
2020/06/22 16:45:34 Traveller started
2020/06/22 16:45:34 Setting database file to ./traveller.db
2020/06/22 16:48:06 ---------------------
2020/06/22 16:48:06 Traveller started
2020/06/22 16:48:06 0 logg message
2020/06/22 16:48:06 1 logg message
2020/06/22 16:48:06 2 logg message
2020/06/22 16:48:06 3 logg message
2020/06/22 16:48:06 4 logg message
2020/06/22 16:48:06 5 logg message
2020/06/22 16:48:06 6 logg message
2020/06/22 16:48:06 7 logg message
2020/06/22 16:48:06 8 logg message
2020/06/22 16:48:06 9 logg message
2020/06/22 16:48:06 10 logg message
2020/06/22 16:48:06 11 logg message
2020/06/22 16:48:06 12 logg message
2020/06/22 16:48:06 13 logg message
2020/06/22 16:48:06 14 logg message
2020/06/22 16:48:06 15 logg message
2020/06/22 16:48:06 16 logg message
2020/06/22 16:48:06 17 logg message
2020/06/22 16:48:06 18 logg message
2020/06/22 16:48:06 19 logg message
2020/06/22 16:48:06 20 logg message
2020/06/22 16:48:06 21 logg message
2020/06/22 16:48:06 22 logg message
2020/06/22 16:48:06 23 logg message
2020/06/22 16:48:06 24 logg message
2020/06/22 16:48:06 25 logg message
2020/06/22 16:48:06 26 logg message
2020/06/22 16:48:06 27 logg message
2020/06/22 16:48:06 28 logg message
2020/06/22 16:48:06 29 logg message
2020/06/22 16:48:06 30 logg message
2020/06/22 16:48:06 31 logg message
2020/06/22 16:48:06 32 logg message
2020/06/22 16:48:06 33 logg message
2020/06/22 16:48:06 34 logg message
2020/06/22 16:48:06 35 logg message
2020/06/22 16:48:06 36 logg message
2020/06/22 16:48:06 37 logg message
2020/06/22 16:48:06 38 logg message
2020/06/22 16:48:06 39 logg message
2020/06/22 16:48:06 40 logg message
2020/06/22 16:48:06 41 logg message
2020/06/22 16:48:06 42 logg message
2020/06/22 16:48:06 43 logg message
2020/06/22 16:48:06 44 logg message
2020/06/22 16:48:06 45 logg message
2020/06/22 16:48:06 46 logg message
2020/06/22 16:48:06 47 logg message
2020/06/22 16:48:06 48 logg message
2020/06/22 16:48:06 49 logg message
2020/06/22 16:48:06 50 logg message
2020/06/22 16:48:06 51 logg message
2020/06/22 16:48:06 52 logg message
2020/06/22 16:48:06 53 logg message
2020/06/22 16:48:06 54 logg message
2020/06/22 16:48:06 55 logg message
2020/06/22 16:48:06 56 logg message
2020/06/22 16:48:06 57 logg message
2020/06/22 16:48:06 58 logg message
2020/06/22 16:48:06 59 logg message
2020/06/22 16:48:06 60 logg message
2020/06/22 16:48:06 61 logg message
2020/06/22 16:48:06 62 logg message
2020/06/22 16:48:06 63 logg message
2020/06/22 16:48:06 64 logg message
2020/06/22 16:48:06 65 logg message
2020/06/22 16:48:06 66 logg message
2020/06/22 16:48:06 67 logg message
2020/06/22 16:48:06 68 logg message
2020/06/22 16:48:06 69 logg message
2020/06/22 16:48:06 70 logg message
2020/06/22 16:48:06 71 logg message
2020/06/22 16:48:06 72 logg message
2020/06/22 16:48:06 73 logg message
2020/06/22 16:48:06 74 logg message
2020/06/22 16:48:06 75 logg message
2020/06/22 16:48:06 76 logg message
2020/06/22 16:48:06 77 logg message
2020/06/22 16:48:06 78 logg message
2020/06/22 16:48:06 79 logg message
2020/06/22 16:48:06 80 logg message
2020/06/22 16:48:06 81 logg message
2020/06/22 16:48:06 82 logg message
2020/06/22 16:48:06 83 logg message
2020/06/22 16:48:06 84 logg message
2020/06/22 16:48:06 85 logg message
2020/06/22 16:48:06 86 logg message
2020/06/22 16:48:06 87 logg message
2020/06/22 16:48:06 88 logg message
2020/06/22 16:48:06 89 logg message
2020/06/22 16:48:06 90 logg message
2020/06/22 16:48:06 91 logg message
2020/06/22 16:48:06 92 logg message
2020/06/22 16:48:06 93 logg message
2020/06/22 16:48:06 94 logg message
2020/06/22 16:48:06 95 logg message
2020/06/22 16:48:06 96 logg message
2020/06/22 16:48:06 97 logg message
2020/06/22 16:48:06 98 logg message
2020/06/22 16:48:06 99 logg message
2020/06/22 16:48:06 Setting database file to ./traveller.db
2020/06/22 16:51:00 ---------------------
2020/06/22 16:51:00 Traveller started
2020/06/22 16:51:00 0 logg message
2020/06/22 16:51:00 1 logg message
2020/06/22 16:51:00 2 logg message
2020/06/22 16:51:00 3 logg message
2020/06/22 16:51:00 4 logg message
2020/06/22 16:51:00 5 logg message
2020/06/22 16:51:00 6 logg message
2020/06/22 16:51:00 7 logg message
2020/06/22 16:51:00 8 logg message
2020/06/22 16:51:00 9 logg message
2020/06/22 16:51:00 10 logg message
2020/06/22 16:51:00 11 logg message
2020/06/22 16:51:00 12 logg message
2020/06/22 16:51:00 13 logg message
2020/06/22 16:51:00 14 logg message
2020/06/22 16:51:00 15 logg message
2020/06/22 16:51:00 16 logg message
2020/06/22 16:51:00 17 logg message
2020/06/22 16:51:00 18 logg message
2020/06/22 16:51:00 19 logg message
2020/06/22 16:51:00 20 logg message
2020/06/22 16:51:00 21 logg message
2020/06/22 16:51:00 22 logg message
2020/06/22 16:51:00 23 logg message
2020/06/22 16:51:00 24 logg message
2020/06/22 16:51:00 25 logg message
2020/06/22 16:51:00 26 logg message
2020/06/22 16:51:00 27 logg message
2020/06/22 16:51:00 28 logg message
2020/06/22 16:51:00 29 logg message
2020/06/22 16:51:00 30 logg message
2020/06/22 16:51:00 31 logg message
2020/06/22 16:51:00 32 logg message
2020/06/22 16:51:00 33 logg message
2020/06/22 16:51:00 34 logg message
2020/06/22 16:51:00 35 logg message
2020/06/22 16:51:00 36 logg message
2020/06/22 16:51:00 37 logg message
2020/06/22 16:51:00 38 logg message
2020/06/22 16:51:00 39 logg message
2020/06/22 16:51:00 40 logg message
2020/06/22 16:51:00 41 logg message
2020/06/22 16:51:00 42 logg message
2020/06/22 16:51:00 43 logg message
2020/06/22 16:51:00 44 logg message
2020/06/22 16:51:00 45 logg message
2020/06/22 16:51:00 46 logg message
2020/06/22 16:51:00 47 logg message
2020/06/22 16:51:00 48 logg message
2020/06/22 16:51:00 49 logg message
2020/06/22 16:51:00 50 logg message
2020/06/22 16:51:00 51 logg message
2020/06/22 16:51:00 52 logg message
2020/06/22 16:51:00 53 logg message
2020/06/22 16:51:00 54 logg message
2020/06/22 16:51:00 55 logg message
2020/06/22 16:51:00 56 logg message
2020/06/22 16:51:00 57 logg message
2020/06/22 16:51:00 58 logg message
2020/06/22 16:51:00 59 logg message
2020/06/22 16:51:00 60 logg message
2020/06/22 16:51:00 61 logg message
2020/06/22 16:51:00 62 logg message
2020/06/22 16:51:00 63 logg message
2020/06/22 16:51:00 64 logg message
2020/06/22 16:51:00 65 logg message
2020/06/22 16:51:00 66 logg message
2020/06/22 16:51:00 67 logg message
2020/06/22 16:51:00 68 logg message
2020/06/22 16:51:00 69 logg message
2020/06/22 16:51:00 70 logg message
2020/06/22 16:51:00 71 logg message
2020/06/22 16:51:00 72 logg message
2020/06/22 16:51:00 73 logg message
2020/06/22 16:51:00 74 logg message
2020/06/22 16:51:00 75 logg message
2020/06/22 16:51:00 76 logg message
2020/06/22 16:51:00 77 logg message
2020/06/22 16:51:00 78 logg message
2020/06/22 16:51:00 79 logg message
2020/06/22 16:51:00 80 logg message
2020/06/22 16:51:00 81 logg message
2020/06/22 16:51:00 82 logg message
2020/06/22 16:51:00 83 logg message
2020/06/22 16:51:00 84 logg message
2020/06/22 16:51:00 85 logg message
2020/06/22 16:51:00 86 logg message
2020/06/22 16:51:00 87 logg message
2020/06/22 16:51:00 88 logg message
2020/06/22 16:51:00 89 logg message
2020/06/22 16:51:00 90 logg message
2020/06/22 16:51:00 91 logg message
2020/06/22 16:51:00 92 logg message
2020/06/22 16:51:00 93 logg message
2020/06/22 16:51:00 94 logg message
2020/06/22 16:51:00 95 logg message
2020/06/22 16:51:00 96 logg message
2020/06/22 16:51:00 97 logg message
2020/06/22 16:51:00 98 logg message
2020/06/22 16:51:00 99 logg message
2020/06/22 16:51:00 Setting database file to ./traveller.db
2020/06/22 17:00:13 ---------------------
2020/06/22 17:00:13 Traveller started
2020/06/22 17:00:13 Setting database file to ./traveller.db
2020/06/22 17:01:41 ---------------------
2020/06/22 17:01:41 Traveller started
2020/06/22 17:01:41 Setting database file to ./traveller.db
2020/06/22 17:02:28 ---------------------
2020/06/22 17:02:28 Traveller started
2020/06/22 17:02:28 Setting database file to ./traveller.db
2020/06/22 17:08:41 ---------------------
2020/06/22 17:08:41 Traveller started
2020/06/22 17:08:41 0 log message
2020/06/22 17:08:41 1 log message
2020/06/22 17:08:41 2 log message
2020/06/22 17:08:41 3 log message
2020/06/22 17:08:41 4 log message
2020/06/22 17:08:41 5 log message
2020/06/22 17:08:41 6 log message
2020/06/22 17:08:41 7 log message
2020/06/22 17:08:41 8 log message
2020/06/22 17:08:41 9 log message
2020/06/22 17:08:41 10 log message
2020/06/22 17:08:41 11 log message
2020/06/22 17:08:41 12 log message
2020/06/22 17:08:41 13 log message
2020/06/22 17:08:41 14 log message
2020/06/22 17:08:41 15 log message
2020/06/22 17:08:41 16 log message
2020/06/22 17:08:41 17 log message
2020/06/22 17:08:41 18 log message
2020/06/22 17:08:41 19 log message
2020/06/22 17:08:41 20 log message
2020/06/22 17:08:41 21 log message
2020/06/22 17:08:41 22 log message
2020/06/22 17:08:41 23 log message
2020/06/22 17:08:41 24 log message
2020/06/22 17:08:41 25 log message
2020/06/22 17:08:41 26 log message
2020/06/22 17:08:41 27 log message
2020/06/22 17:08:41 28 log message
2020/06/22 17:08:41 29 log message
2020/06/22 17:08:41 30 log message
2020/06/22 17:08:41 31 log message
2020/06/22 17:08:41 32 log message
2020/06/22 17:08:41 33 log message
2020/06/22 17:08:41 34 log message
2020/06/22 17:08:41 35 log message
2020/06/22 17:08:41 36 log message
2020/06/22 17:08:41 37 log message
2020/06/22 17:08:41 38 log message
2020/06/22 17:08:41 39 log message
2020/06/22 17:08:41 40 log message
2020/06/22 17:08:41 41 log message
2020/06/22 17:08:41 42 log message
2020/06/22 17:08:41 43 log message
2020/06/22 17:08:41 44 log message
2020/06/22 17:08:41 45 log message
2020/06/22 17:08:41 46 log message
2020/06/22 17:08:41 47 log message
2020/06/22 17:08:41 48 log message
2020/06/22 17:08:41 49 log message
2020/06/22 17:08:41 50 log message
2020/06/22 17:08:41 51 log message
2020/06/22 17:08:41 52 log message
2020/06/22 17:08:41 53 log message
2020/06/22 17:08:41 54 log message
2020/06/22 17:08:41 55 log message
2020/06/22 17:08:41 56 log message
2020/06/22 17:08:41 57 log message
2020/06/22 17:08:41 58 log message
2020/06/22 17:08:41 59 log message
2020/06/22 17:08:41 60 log message
2020/06/22 17:08:41 61 log message
2020/06/22 17:08:41 62 log message
2020/06/22 17:08:41 63 log message
2020/06/22 17:08:41 64 log message
2020/06/22 17:08:41 65 log message
2020/06/22 17:08:41 66 log message
2020/06/22 17:08:41 67 log message
2020/06/22 17:08:41 68 log message
2020/06/22 17:08:41 69 log message
2020/06/22 17:08:41 70 log message
2020/06/22 17:08:41 71 log message
2020/06/22 17:08:41 72 log message
2020/06/22 17:08:41 73 log message
2020/06/22 17:08:41 74 log message
2020/06/22 17:08:41 75 log message
2020/06/22 17:08:41 76 log message
2020/06/22 17:08:41 77 log message
2020/06/22 17:08:41 78 log message
2020/06/22 17:08:41 79 log message
2020/06/22 17:08:41 80 log message
2020/06/22 17:08:41 81 log message
2020/06/22 17:08:41 82 log message
2020/06/22 17:08:41 83 log message
2020/06/22 17:08:41 84 log message
2020/06/22 17:08:41 85 log message
2020/06/22 17:08:41 86 log message
2020/06/22 17:08:41 87 log message
2020/06/22 17:08:41 88 log message
2020/06/22 17:08:41 89 log message
2020/06/22 17:08:41 90 log message
2020/06/22 17:08:41 91 log message
2020/06/22 17:08:41 92 log message
2020/06/22 17:08:41 93 log message
2020/06/22 17:08:41 94 log message
2020/06/22 17:08:41 95 log message
2020/06/22 17:08:41 96 log message
2020/06/22 17:08:41 97 log message
2020/06/22 17:08:41 98 log message
2020/06/22 17:08:41 99 log message
2020/06/22 17:08:41 Setting database file to ./traveller.db
2020/06/22 17:13:28 ---------------------
2020/06/22 17:13:28 Traveller started
2020/06/22 17:13:28 0 log message
2020/06/22 17:13:28 1 log message
2020/06/22 17:13:28 2 log message
2020/06/22 17:13:28 3 log message
2020/06/22 17:13:28 4 log message
2020/06/22 17:13:28 5 log message
2020/06/22 17:13:28 6 log message
2020/06/22 17:13:28 7 log message
2020/06/22 17:13:28 8 log message
2020/06/22 17:13:28 9 log message
2020/06/22 17:13:28 10 log message
2020/06/22 17:13:28 11 log message
2020/06/22 17:13:28 12 log message
2020/06/22 17:13:28 13 log message
2020/06/22 17:13:28 14 log message
2020/06/22 17:13:28 15 log message
2020/06/22 17:13:28 16 log message
2020/06/22 17:13:28 17 log message
2020/06/22 17:13:28 18 log message
2020/06/22 17:13:28 19 log message
2020/06/22 17:13:28 20 log message
2020/06/22 17:13:28 21 log message
2020/06/22 17:13:28 22 log message
2020/06/22 17:13:28 23 log message
2020/06/22 17:13:28 24 log message
2020/06/22 17:13:28 25 log message
2020/06/22 17:13:28 26 log message
2020/06/22 17:13:28 27 log message
2020/06/22 17:13:28 28 log message
2020/06/22 17:13:28 29 log message
2020/06/22 17:13:28 30 log message
2020/06/22 17:13:28 31 log message
2020/06/22 17:13:28 32 log message
2020/06/22 17:13:28 33 log message
2020/06/22 17:13:28 34 log message
2020/06/22 17:13:28 35 log message
2020/06/22 17:13:28 36 log message
2020/06/22 17:13:28 37 log message
2020/06/22 17:13:28 38 log message
2020/06/22 17:13:28 39 log message
2020/06/22 17:13:28 40 log message
2020/06/22 17:13:28 41 log message
2020/06/22 17:13:28 42 log message
2020/06/22 17:13:28 43 log message
2020/06/22 17:13:28 44 log message
2020/06/22 17:13:28 45 log message
2020/06/22 17:13:28 46 log message
2020/06/22 17:13:28 47 log message
2020/06/22 17:13:28 48 log message
2020/06/22 17:13:28 49 log message
2020/06/22 17:13:28 50 log message
2020/06/22 17:13:28 51 log message
2020/06/22 17:13:28 52 log message
2020/06/22 17:13:28 53 log message
2020/06/22 17:13:28 54 log message
2020/06/22 17:13:28 55 log message
2020/06/22 17:13:28 56 log message
2020/06/22 17:13:28 57 log message
2020/06/22 17:13:28 58 log message
2020/06/22 17:13:28 59 log message
2020/06/22 17:13:28 60 log message
2020/06/22 17:13:28 61 log message
2020/06/22 17:13:28 62 log message
2020/06/22 17:13:28 63 log message
2020/06/22 17:13:28 64 log message
2020/06/22 17:13:28 65 log message
2020/06/22 17:13:28 66 log message
2020/06/22 17:13:28 67 log message
2020/06/22 17:13:28 68 log message
2020/06/22 17:13:28 69 log message
2020/06/22 17:13:28 70 log message
2020/06/22 17:13:28 71 log message
2020/06/22 17:13:28 72 log message
2020/06/22 17:13:28 73 log message
2020/06/22 17:13:28 74 log message
2020/06/22 17:13:28 75 log message
2020/06/22 17:13:28 76 log message
2020/06/22 17:13:28 77 log message
2020/06/22 17:13:28 78 log message
2020/06/22 17:13:28 79 log message
2020/06/22 17:13:28 80 log message
2020/06/22 17:13:28 81 log message
2020/06/22 17:13:28 82 log message
2020/06/22 17:13:28 83 log message
2020/06/22 17:13:28 84 log message
2020/06/22 17:13:28 85 log message
2020/06/22 17:13:28 86 log message
2020/06/22 17:13:28 87 log message
2020/06/22 17:13:28 88 log message
2020/06/22 17:13:28 89 log message
2020/06/22 17:13:28 90 log message
2020/06/22 17:13:28 91 log message
2020/06/22 17:13:28 92 log message
2020/06/22 17:13:28 93 log message
2020/06/22 17:13:28 94 log message
2020/06/22 17:13:28 95 log message
2020/06/22 17:13:28 96 log message
2020/06/22 17:13:28 97 log message
2020/06/22 17:13:28 98 log message
2020/06/22 17:13:28 99 log message
2020/06/22 17:13:28 Setting database file to ./traveller.db
2020/06/23 09:01:57 ---------------------
2020/06/23 09:01:57 Traveller started
2020/06/23 09:01:57 0 log message
2020/06/23 09:01:57 1 log message
2020/06/23 09:01:57 2 log message
2020/06/23 09:01:57 3 log message
2020/06/23 09:01:57 4 log message
2020/06/23 09:01:57 5 log message
2020/06/23 09:01:57 6 log message
2020/06/23 09:01:57 7 log message
2020/06/23 09:01:57 8 log message
2020/06/23 09:01:57 9 log message
2020/06/23 09:01:57 10 log message
2020/06/23 09:01:57 11 log message
2020/06/23 09:01:57 12 log message
2020/06/23 09:01:57 13 log message
2020/06/23 09:01:57 14 log message
2020/06/23 09:01:57 15 log message
2020/06/23 09:01:57 16 log message
2020/06/23 09:01:57 17 log message
2020/06/23 09:01:57 18 log message
2020/06/23 09:01:57 19 log message
2020/06/23 09:01:57 20 log message
2020/06/23 09:01:57 21 log message
2020/06/23 09:01:57 22 log message
2020/06/23 09:01:57 23 log message
2020/06/23 09:01:57 24 log message
2020/06/23 09:01:57 25 log message
2020/06/23 09:01:57 26 log message
2020/06/23 09:01:57 27 log message
2020/06/23 09:01:57 28 log message
2020/06/23 09:01:57 29 log message
2020/06/23 09:01:57 30 log message
2020/06/23 09:01:57 31 log message
2020/06/23 09:01:57 32 log message
2020/06/23 09:01:57 33 log message
2020/06/23 09:01:57 34 log message
2020/06/23 09:01:57 35 log message
2020/06/23 09:01:57 36 log message
2020/06/23 09:01:57 37 log message
2020/06/23 09:01:57 38 log message
2020/06/23 09:01:57 39 log message
2020/06/23 09:01:57 40 log message
2020/06/23 09:01:57 41 log message
2020/06/23 09:01:57 42 log message
2020/06/23 09:01:57 43 log message
2020/06/23 09:01:57 44 log message
2020/06/23 09:01:57 45 log message
2020/06/23 09:01:57 46 log message
2020/06/23 09:01:57 47 log message
2020/06/23 09:01:57 48 log message
2020/06/23 09:01:57 49 log message
2020/06/23 09:01:57 50 log message
2020/06/23 09:01:57 51 log message
2020/06/23 09:01:57 52 log message
2020/06/23 09:01:57 53 log message
2020/06/23 09:01:57 54 log message
2020/06/23 09:01:57 55 log message
2020/06/23 09:01:57 56 log message
2020/06/23 09:01:57 57 log message
2020/06/23 09:01:57 58 log message
2020/06/23 09:01:57 59 log message
2020/06/23 09:01:57 60 log message
2020/06/23 09:01:57 61 log message
2020/06/23 09:01:57 62 log message
2020/06/23 09:01:57 63 log message
2020/06/23 09:01:57 64 log message
2020/06/23 09:01:57 65 log message
2020/06/23 09:01:57 66 log message
2020/06/23 09:01:57 67 log message
2020/06/23 09:01:57 68 log message
2020/06/23 09:01:57 69 log message
2020/06/23 09:01:57 70 log message
2020/06/23 09:01:57 71 log message
2020/06/23 09:01:57 72 log message
2020/06/23 09:01:57 73 log message
2020/06/23 09:01:57 74 log message
2020/06/23 09:01:57 75 log message
2020/06/23 09:01:57 76 log message
2020/06/23 09:01:57 77 log message
2020/06/23 09:01:57 78 log message
2020/06/23 09:01:57 79 log message
2020/06/23 09:01:57 80 log message
2020/06/23 09:01:57 81 log message
2020/06/23 09:01:57 82 log message
2020/06/23 09:01:57 83 log message
2020/06/23 09:01:57 84 log message
2020/06/23 09:01:57 85 log message
2020/06/23 09:01:57 86 log message
2020/06/23 09:01:57 87 log message
2020/06/23 09:01:57 88 log message
2020/06/23 09:01:57 89 log message
2020/06/23 09:01:57 90 log message
2020/06/23 09:01:57 91 log message
2020/06/23 09:01:57 92 log message
2020/06/23 09:01:57 93 log message
2020/06/23 09:01:57 94 log message
2020/06/23 09:01:57 95 log message
2020/06/23 09:01:57 96 log message
2020/06/23 09:01:57 97 log message
2020/06/23 09:01:57 98 log message
2020/06/23 09:01:57 99 log message
2020/06/23 09:01:57 Setting database file to ./traveller.db
2020/06/23 09:04:04 ---------------------
2020/06/23 09:04:04 Traveller started
2020/06/23 09:04:04 0 log message
2020/06/23 09:04:04 1 log message
2020/06/23 09:04:04 2 log message
2020/06/23 09:04:04 3 log message
2020/06/23 09:04:04 4 log message
2020/06/23 09:04:04 5 log message
2020/06/23 09:04:04 6 log message
2020/06/23 09:04:04 7 log message
2020/06/23 09:04:04 8 log message
2020/06/23 09:04:04 9 log message
2020/06/23 09:04:04 10 log message
2020/06/23 09:04:04 11 log message
2020/06/23 09:04:04 12 log message
2020/06/23 09:04:04 13 log message
2020/06/23 09:04:04 14 log message
2020/06/23 09:04:04 15 log message
2020/06/23 09:04:04 16 log message
2020/06/23 09:04:04 17 log message
2020/06/23 09:04:04 18 log message
2020/06/23 09:04:04 19 log message
2020/06/23 09:04:04 20 log message
2020/06/23 09:04:04 21 log message
2020/06/23 09:04:04 22 log message
2020/06/23 09:04:04 23 log message
2020/06/23 09:04:04 24 log message
2020/06/23 09:04:04 25 log message
2020/06/23 09:04:04 26 log message
2020/06/23 09:04:04 27 log message
2020/06/23 09:04:04 28 log message
2020/06/23 09:04:04 29 log message
2020/06/23 09:04:04 30 log message
2020/06/23 09:04:04 31 log message
2020/06/23 09:04:04 32 log message
2020/06/23 09:04:04 33 log message
2020/06/23 09:04:04 34 log message
2020/06/23 09:04:04 35 log message
2020/06/23 09:04:04 36 log message
2020/06/23 09:04:04 37 log message
2020/06/23 09:04:04 38 log message
2020/06/23 09:04:04 39 log message
2020/06/23 09:04:04 40 log message
2020/06/23 09:04:04 41 log message
2020/06/23 09:04:04 42 log message
2020/06/23 09:04:04 43 log message
2020/06/23 09:04:04 44 log message
2020/06/23 09:04:04 45 log message
2020/06/23 09:04:04 46 log message
2020/06/23 09:04:04 47 log message
2020/06/23 09:04:04 48 log message
2020/06/23 09:04:04 49 log message
2020/06/23 09:04:04 50 log message
2020/06/23 09:04:04 51 log message
2020/06/23 09:04:04 52 log message
2020/06/23 09:04:04 53 log message
2020/06/23 09:04:04 54 log message
2020/06/23 09:04:04 55 log message
2020/06/23 09:04:04 56 log message
2020/06/23 09:04:04 57 log message
2020/06/23 09:04:04 58 log message
2020/06/23 09:04:04 59 log message
2020/06/23 09:04:04 60 log message
2020/06/23 09:04:04 61 log message
2020/06/23 09:04:04 62 log message
2020/06/23 09:04:04 63 log message
2020/06/23 09:04:04 64 log message
2020/06/23 09:04:04 65 log message
2020/06/23 09:04:04 66 log message
2020/06/23 09:04:04 67 log message
2020/06/23 09:04:04 68 log message
2020/06/23 09:04:04 69 log message
2020/06/23 09:04:04 70 log message
2020/06/23 09:04:04 71 log message
2020/06/23 09:04:04 72 log message
2020/06/23 09:04:04 73 log message
2020/06/23 09:04:04 74 log message
2020/06/23 09:04:04 75 log message
2020/06/23 09:04:04 76 log message
2020/06/23 09:04:04 77 log message
2020/06/23 09:04:04 78 log message
2020/06/23 09:04:04 79 log message
2020/06/23 09:04:04 80 log message
2020/06/23 09:04:04 81 log message
2020/06/23 09:04:04 82 log message
2020/06/23 09:04:04 83 log message
2020/06/23 09:04:04 84 log message
2020/06/23 09:04:04 85 log message
2020/06/23 09:04:04 86 log message
2020/06/23 09:04:04 87 log message
2020/06/23 09:04:04 88 log message
2020/06/23 09:04:04 89 log message
2020/06/23 09:04:04 90 log message
2020/06/23 09:04:04 91 log message
2020/06/23 09:04:04 92 log message
2020/06/23 09:04:04 93 log message
2020/06/23 09:04:04 94 log message
2020/06/23 09:04:04 95 log message
2020/06/23 09:04:04 96 log message
2020/06/23 09:04:04 97 log message
2020/06/23 09:04:04 98 log message
2020/06/23 09:04:04 99 log message
2020/06/23 09:04:04 Setting database file to ./traveller.db
2020/06/23 09:08:29 ---------------------
2020/06/23 09:08:29 Traveller started
2020/06/23 09:08:29 0 log message
2020/06/23 09:08:29 1 log message
2020/06/23 09:08:29 2 log message
2020/06/23 09:08:29 3 log message
2020/06/23 09:08:29 4 log message
2020/06/23 09:08:29 5 log message
2020/06/23 09:08:29 6 log message
2020/06/23 09:08:29 7 log message
2020/06/23 09:08:29 8 log message
2020/06/23 09:08:29 9 log message
2020/06/23 09:08:29 10 log message
2020/06/23 09:08:29 11 log message
2020/06/23 09:08:29 12 log message
2020/06/23 09:08:29 13 log message
2020/06/23 09:08:29 14 log message
2020/06/23 09:08:29 15 log message
2020/06/23 09:08:29 16 log message
2020/06/23 09:08:29 17 log message
2020/06/23 09:08:29 18 log message
2020/06/23 09:08:29 19 log message
2020/06/23 09:08:29 20 log message
2020/06/23 09:08:29 21 log message
2020/06/23 09:08:29 22 log message
2020/06/23 09:08:29 23 log message
2020/06/23 09:08:29 24 log message
2020/06/23 09:08:29 25 log message
2020/06/23 09:08:29 26 log message
2020/06/23 09:08:29 27 log message
2020/06/23 09:08:29 28 log message
2020/06/23 09:08:29 29 log message
2020/06/23 09:08:29 30 log message
2020/06/23 09:08:29 31 log message
2020/06/23 09:08:29 32 log message
2020/06/23 09:08:29 33 log message
2020/06/23 09:08:29 34 log message
2020/06/23 09:08:29 35 log message
2020/06/23 09:08:29 36 log message
2020/06/23 09:08:29 37 log message
2020/06/23 09:08:29 38 log message
2020/06/23 09:08:29 39 log message
2020/06/23 09:08:29 40 log message
2020/06/23 09:08:29 41 log message
2020/06/23 09:08:29 42 log message
2020/06/23 09:08:29 43 log message
2020/06/23 09:08:29 44 log message
2020/06/23 09:08:29 45 log message
2020/06/23 09:08:29 46 log message
2020/06/23 09:08:29 47 log message
2020/06/23 09:08:29 48 log message
2020/06/23 09:08:29 49 log message
2020/06/23 09:08:29 50 log message
2020/06/23 09:08:29 51 log message
2020/06/23 09:08:29 52 log message
2020/06/23 09:08:29 53 log message
2020/06/23 09:08:29 54 log message
2020/06/23 09:08:29 55 log message
2020/06/23 09:08:29 56 log message
2020/06/23 09:08:29 57 log message
2020/06/23 09:08:29 58 log message
2020/06/23 09:08:29 59 log message
2020/06/23 09:08:29 60 log message
2020/06/23 09:08:29 61 log message
2020/06/23 09:08:29 62 log message
2020/06/23 09:08:29 63 log message
2020/06/23 09:08:29 64 log message
2020/06/23 09:08:29 65 log message
2020/06/23 09:08:29 66 log message
2020/06/23 09:08:29 67 log message
2020/06/23 09:08:29 68 log message
2020/06/23 09:08:29 69 log message
2020/06/23 09:08:29 70 log message
2020/06/23 09:08:29 71 log message
2020/06/23 09:08:29 72 log message
2020/06/23 09:08:29 73 log message
2020/06/23 09:08:29 74 log message
2020/06/23 09:08:29 75 log message
2020/06/23 09:08:29 76 log message
2020/06/23 09:08:29 77 log message
2020/06/23 09:08:29 78 log message
2020/06/23 09:08:29 79 log message
2020/06/23 09:08:29 80 log message
2020/06/23 09:08:29 81 log message
2020/06/23 09:08:29 82 log message
2020/06/23 09:08:29 83 log message
2020/06/23 09:08:29 84 log message
2020/06/23 09:08:29 85 log message
2020/06/23 09:08:29 86 log message
2020/06/23 09:08:29 87 log message
2020/06/23 09:08:29 88 log message
2020/06/23 09:08:29 89 log message
2020/06/23 09:08:29 90 log message
2020/06/23 09:08:29 91 log message
2020/06/23 09:08:29 92 log message
2020/06/23 09:08:29 93 log message
2020/06/23 09:08:29 94 log message
2020/06/23 09:08:29 95 log message
2020/06/23 09:08:29 96 log message
2020/06/23 09:08:29 97 log message
2020/06/23 09:08:29 98 log message
2020/06/23 09:08:29 99 log message
2020/06/23 09:08:29 Setting database file to ./traveller.db
2020/06/23 09:10:00 ---------------------
2020/06/23 09:10:00 Traveller started
2020/06/23 09:10:00 0 log message
2020/06/23 09:10:00 1 log message
2020/06/23 09:10:00 2 log message
2020/06/23 09:10:00 3 log message
2020/06/23 09:10:00 4 log message
2020/06/23 09:10:00 5 log message
2020/06/23 09:10:00 6 log message
2020/06/23 09:10:00 7 log message
2020/06/23 09:10:00 8 log message
2020/06/23 09:10:00 9 log message
2020/06/23 09:10:00 10 log message
2020/06/23 09:10:00 11 log message
2020/06/23 09:10:00 12 log message
2020/06/23 09:10:00 13 log message
2020/06/23 09:10:00 14 log message
2020/06/23 09:10:00 15 log message
2020/06/23 09:10:00 16 log message
2020/06/23 09:10:00 17 log message
2020/06/23 09:10:00 18 log message
2020/06/23 09:10:00 19 log message
2020/06/23 09:10:00 20 log message
2020/06/23 09:10:00 21 log message
2020/06/23 09:10:00 22 log message
2020/06/23 09:10:00 23 log message
2020/06/23 09:10:00 24 log message
2020/06/23 09:10:00 25 log message
2020/06/23 09:10:00 26 log message
2020/06/23 09:10:00 27 log message
2020/06/23 09:10:00 28 log message
2020/06/23 09:10:00 29 log message
2020/06/23 09:10:00 30 log message
2020/06/23 09:10:00 31 log message
2020/06/23 09:10:00 32 log message
2020/06/23 09:10:00 33 log message
2020/06/23 09:10:00 34 log message
2020/06/23 09:10:00 35 log message
2020/06/23 09:10:00 36 log message
2020/06/23 09:10:00 37 log message
2020/06/23 09:10:00 38 log message
2020/06/23 09:10:00 39 log message
2020/06/23 09:10:00 40 log message
2020/06/23 09:10:00 41 log message
2020/06/23 09:10:00 42 log message
2020/06/23 09:10:00 43 log message
2020/06/23 09:10:00 44 log message
2020/06/23 09:10:00 45 log message
2020/06/23 09:10:00 46 log message
2020/06/23 09:10:00 47 log message
2020/06/23 09:10:00 48 log message
2020/06/23 09:10:00 49 log message
2020/06/23 09:10:00 50 log message
2020/06/23 09:10:00 51 log message
2020/06/23 09:10:00 52 log message
2020/06/23 09:10:00 53 log message
2020/06/23 09:10:00 54 log message
2020/06/23 09:10:00 55 log message
2020/06/23 09:10:00 56 log message
2020/06/23 09:10:00 57 log message
2020/06/23 09:10:00 58 log message
2020/06/23 09:10:00 59 log message
2020/06/23 09:10:00 60 log message
2020/06/23 09:10:00 61 log message
2020/06/23 09:10:00 62 log message
2020/06/23 09:10:00 63 log message
2020/06/23 09:10:00 64 log message
2020/06/23 09:10:00 65 log message
2020/06/23 09:10:00 66 log message
2020/06/23 09:10:00 67 log message
2020/06/23 09:10:00 68 log message
2020/06/23 09:10:00 69 log message
2020/06/23 09:10:00 70 log message
2020/06/23 09:10:00 71 log message
2020/06/23 09:10:00 72 log message
2020/06/23 09:10:00 73 log message
2020/06/23 09:10:00 74 log message
2020/06/23 09:10:00 75 log message
2020/06/23 09:10:00 76 log message
2020/06/23 09:10:00 77 log message
2020/06/23 09:10:00 78 log message
2020/06/23 09:10:00 79 log message
2020/06/23 09:10:00 80 log message
2020/06/23 09:10:00 81 log message
2020/06/23 09:10:00 82 log message
2020/06/23 09:10:00 83 log message
2020/06/23 09:10:00 84 log message
2020/06/23 09:10:00 85 log message
2020/06/23 09:10:00 86 log message
2020/06/23 09:10:00 87 log message
2020/06/23 09:10:00 88 log message
2020/06/23 09:10:00 89 log message
2020/06/23 09:10:00 90 log message
2020/06/23 09:10:00 91 log message
2020/06/23 09:10:00 92 log message
2020/06/23 09:10:00 93 log message
2020/06/23 09:10:00 94 log message
2020/06/23 09:10:00 95 log message
2020/06/23 09:10:00 96 log message
2020/06/23 09:10:00 97 log message
2020/06/23 09:10:00 98 log message
2020/06/23 09:10:00 99 log message
2020/06/23 09:10:00 Setting database file to ./traveller.db
2020/06/23 09:47:09 ---------------------
2020/06/23 09:47:09 Traveller started
2020/06/23 09:47:09 0 log message
2020/06/23 09:47:09 1 log message
2020/06/23 09:47:09 2 log message
2020/06/23 09:47:09 3 log message
2020/06/23 09:47:09 4 log message
2020/06/23 09:47:09 5 log message
2020/06/23 09:47:09 6 log message
2020/06/23 09:47:09 7 log message
2020/06/23 09:47:09 8 log message
2020/06/23 09:47:09 9 log message
2020/06/23 09:47:09 10 log message
2020/06/23 09:47:09 11 log message
2020/06/23 09:47:09 12 log message
2020/06/23 09:47:09 13 log message
2020/06/23 09:47:09 14 log message
2020/06/23 09:47:09 15 log message
2020/06/23 09:47:09 16 log message
2020/06/23 09:47:09 17 log message
2020/06/23 09:47:09 18 log message
2020/06/23 09:47:09 19 log message
2020/06/23 09:47:09 20 log message
2020/06/23 09:47:09 21 log message
2020/06/23 09:47:09 22 log message
2020/06/23 09:47:09 23 log message
2020/06/23 09:47:09 24 log message
2020/06/23 09:47:09 25 log message
2020/06/23 09:47:09 26 log message
2020/06/23 09:47:09 27 log message
2020/06/23 09:47:09 28 log message
2020/06/23 09:47:09 29 log message
2020/06/23 09:47:09 30 log message
2020/06/23 09:47:09 31 log message
2020/06/23 09:47:09 32 log message
2020/06/23 09:47:09 33 log message
2020/06/23 09:47:09 34 log message
2020/06/23 09:47:09 35 log message
2020/06/23 09:47:09 36 log message
2020/06/23 09:47:09 37 log message
2020/06/23 09:47:09 38 log message
2020/06/23 09:47:09 39 log message
2020/06/23 09:47:09 40 log message
2020/06/23 09:47:09 41 log message
2020/06/23 09:47:09 42 log message
2020/06/23 09:47:09 43 log message
2020/06/23 09:47:09 44 log message
2020/06/23 09:47:09 45 log message
2020/06/23 09:47:09 46 log message
2020/06/23 09:47:09 47 log message
2020/06/23 09:47:09 48 log message
2020/06/23 09:47:09 49 log message
2020/06/23 09:47:09 50 log message
2020/06/23 09:47:09 51 log message
2020/06/23 09:47:09 52 log message
2020/06/23 09:47:09 53 log message
2020/06/23 09:47:09 54 log message
2020/06/23 09:47:09 55 log message
2020/06/23 09:47:09 56 log message
2020/06/23 09:47:09 57 log message
2020/06/23 09:47:09 58 log message
2020/06/23 09:47:09 59 log message
2020/06/23 09:47:09 60 log message
2020/06/23 09:47:09 61 log message
2020/06/23 09:47:09 62 log message
2020/06/23 09:47:09 63 log message
2020/06/23 09:47:09 64 log message
2020/06/23 09:47:09 65 log message
2020/06/23 09:47:09 66 log message
2020/06/23 09:47:09 67 log message
2020/06/23 09:47:09 68 log message
2020/06/23 09:47:09 69 log message
2020/06/23 09:47:09 70 log message
2020/06/23 09:47:09 71 log message
2020/06/23 09:47:09 72 log message
2020/06/23 09:47:09 73 log message
2020/06/23 09:47:09 74 log message
2020/06/23 09:47:09 75 log message
2020/06/23 09:47:09 76 log message
2020/06/23 09:47:09 77 log message
2020/06/23 09:47:09 78 log message
2020/06/23 09:47:09 79 log message
2020/06/23 09:47:09 80 log message
2020/06/23 09:47:09 81 log message
2020/06/23 09:47:09 82 log message
2020/06/23 09:47:09 83 log message
2020/06/23 09:47:09 84 log message
2020/06/23 09:47:09 85 log message
2020/06/23 09:47:09 86 log message
2020/06/23 09:47:09 87 log message
2020/06/23 09:47:09 88 log message
2020/06/23 09:47:09 89 log message
2020/06/23 09:47:09 90 log message
2020/06/23 09:47:09 91 log message
2020/06/23 09:47:09 92 log message
2020/06/23 09:47:09 93 log message
2020/06/23 09:47:09 94 log message
2020/06/23 09:47:09 95 log message
2020/06/23 09:47:09 96 log message
2020/06/23 09:47:09 97 log message
2020/06/23 09:47:09 98 log message
2020/06/23 09:47:09 99 log message
2020/06/23 09:47:09 Setting database file to ./traveller.db
2020/06/23 20:17:59 ---------------------
2020/06/23 20:17:59 Traveller started
2020/06/23 20:17:59 0 log message
2020/06/23 20:17:59 1 log message
2020/06/23 20:17:59 2 log message
2020/06/23 20:17:59 3 log message
2020/06/23 20:17:59 4 log message
2020/06/23 20:17:59 5 log message
2020/06/23 20:17:59 6 log message
2020/06/23 20:17:59 7 log message
2020/06/23 20:17:59 8 log message
2020/06/23 20:17:59 9 log message
2020/06/23 20:17:59 10 log message
2020/06/23 20:17:59 11 log message
2020/06/23 20:17:59 12 log message
2020/06/23 20:17:59 13 log message
2020/06/23 20:17:59 14 log message
2020/06/23 20:17:59 15 log message
2020/06/23 20:17:59 16 log message
2020/06/23 20:17:59 17 log message
2020/06/23 20:17:59 18 log message
2020/06/23 20:17:59 19 log message
2020/06/23 20:17:59 20 log message
2020/06/23 20:17:59 21 log message
2020/06/23 20:17:59 22 log message
2020/06/23 20:17:59 23 log message
2020/06/23 20:17:59 24 log message
2020/06/23 20:17:59 25 log message
2020/06/23 20:17:59 26 log message
2020/06/23 20:17:59 27 log message
2020/06/23 20:17:59 28 log message
2020/06/23 20:17:59 29 log message
2020/06/23 20:17:59 30 log message
2020/06/23 20:17:59 31 log message
2020/06/23 20:17:59 32 log message
2020/06/23 20:17:59 33 log message
2020/06/23 20:17:59 34 log message
2020/06/23 20:17:59 35 log message
2020/06/23 20:17:59 36 log message
2020/06/23 20:17:59 37 log message
2020/06/23 20:17:59 38 log message
2020/06/23 20:17:59 39 log message
2020/06/23 20:17:59 40 log message
2020/06/23 20:17:59 41 log message
2020/06/23 20:17:59 42 log message
2020/06/23 20:17:59 43 log message
2020/06/23 20:17:59 44 log message
2020/06/23 20:17:59 45 log message
2020/06/23 20:17:59 46 log message
2020/06/23 20:17:59 47 log message
2020/06/23 20:17:59 48 log message
2020/06/23 20:17:59 49 log message
2020/06/23 20:17:59 50 log message
2020/06/23 20:17:59 51 log message
2020/06/23 20:17:59 52 log message
2020/06/23 20:17:59 53 log message
2020/06/23 20:17:59 54 log message
2020/06/23 20:17:59 55 log message
2020/06/23 20:17:59 56 log message
2020/06/23 20:17:59 57 log message
2020/06/23 20:17:59 58 log message
2020/06/23 20:17:59 59 log message
2020/06/23 20:17:59 60 log message
2020/06/23 20:17:59 61 log message
2020/06/23 20:17:59 62 log message
2020/06/23 20:17:59 63 log message
2020/06/23 20:17:59 64 log message
2020/06/23 20:17:59 65 log message
2020/06/23 20:17:59 66 log message
2020/06/23 20:17:59 67 log message
2020/06/23 20:17:59 68 log message
2020/06/23 20:17:59 69 log message
2020/06/23 20:17:59 70 log message
2020/06/23 20:17:59 71 log message
2020/06/23 20:17:59 72 log message
2020/06/23 20:17:59 73 log message
2020/06/23 20:17:59 74 log message
2020/06/23 20:17:59 75 log message
2020/06/23 20:17:59 76 log message
2020/06/23 20:17:59 77 log message
2020/06/23 20:17:59 78 log message
2020/06/23 20:17:59 79 log message
2020/06/23 20:17:59 80 log message
2020/06/23 20:17:59 81 log message
2020/06/23 20:17:59 82 log message
2020/06/23 20:17:59 83 log message
2020/06/23 20:17:59 84 log message
2020/06/23 20:17:59 85 log message
2020/06/23 20:17:59 86 log message
2020/06/23 20:17:59 87 log message
2020/06/23 20:17:59 88 log message
2020/06/23 20:17:59 89 log message
2020/06/23 20:17:59 90 log message
2020/06/23 20:17:59 91 log message
2020/06/23 20:17:59 92 log message
2020/06/23 20:17:59 93 log message
2020/06/23 20:17:59 94 log message
2020/06/23 20:17:59 95 log message
2020/06/23 20:17:59 96 log message
2020/06/23 20:17:59 97 log message
2020/06/23 20:17:59 98 log message
2020/06/23 20:17:59 99 log message
2020/06/23 20:17:59 Setting database file to ./traveller.db
2020/06/23 20:18:02 ---------------------
2020/06/23 20:18:02 Traveller started
2020/06/23 20:18:02 0 log message
2020/06/23 20:18:02 1 log message
2020/06/23 20:18:02 2 log message
2020/06/23 20:18:02 3 log message
2020/06/23 20:18:02 4 log message
2020/06/23 20:18:02 5 log message
2020/06/23 20:18:02 6 log message
2020/06/23 20:18:02 7 log message
2020/06/23 20:18:02 8 log message
2020/06/23 20:18:02 9 log message
2020/06/23 20:18:02 10 log message
2020/06/23 20:18:02 11 log message
2020/06/23 20:18:02 12 log message
2020/06/23 20:18:02 13 log message
2020/06/23 20:18:02 14 log message
2020/06/23 20:18:02 15 log message
2020/06/23 20:18:02 16 log message
2020/06/23 20:18:02 17 log message
2020/06/23 20:18:02 18 log message
2020/06/23 20:18:02 19 log message
2020/06/23 20:18:02 20 log message
2020/06/23 20:18:02 21 log message
2020/06/23 20:18:02 22 log message
2020/06/23 20:18:02 23 log message
2020/06/23 20:18:02 24 log message
2020/06/23 20:18:02 25 log message
2020/06/23 20:18:02 26 log message
2020/06/23 20:18:02 27 log message
2020/06/23 20:18:02 28 log message
2020/06/23 20:18:02 29 log message
2020/06/23 20:18:02 30 log message
2020/06/23 20:18:02 31 log message
2020/06/23 20:18:02 32 log message
2020/06/23 20:18:02 33 log message
2020/06/23 20:18:02 34 log message
2020/06/23 20:18:02 35 log message
2020/06/23 20:18:02 36 log message
2020/06/23 20:18:02 37 log message
2020/06/23 20:18:02 38 log message
2020/06/23 20:18:02 39 log message
2020/06/23 20:18:02 40 log message
2020/06/23 20:18:02 41 log message
2020/06/23 20:18:02 42 log message
2020/06/23 20:18:02 43 log message
2020/06/23 20:18:02 44 log message
2020/06/23 20:18:02 45 log message
2020/06/23 20:18:02 46 log message
2020/06/23 20:18:02 47 log message
2020/06/23 20:18:02 48 log message
2020/06/23 20:18:02 49 log message
2020/06/23 20:18:02 50 log message
2020/06/23 20:18:02 51 log message
2020/06/23 20:18:02 52 log message
2020/06/23 20:18:02 53 log message
2020/06/23 20:18:02 54 log message
2020/06/23 20:18:02 55 log message
2020/06/23 20:18:02 56 log message
2020/06/23 20:18:02 57 log message
2020/06/23 20:18:02 58 log message
2020/06/23 20:18:02 59 log message
2020/06/23 20:18:02 60 log message
2020/06/23 20:18:02 61 log message
2020/06/23 20:18:02 62 log message
2020/06/23 20:18:02 63 log message
2020/06/23 20:18:02 64 log message
2020/06/23 20:18:02 65 log message
2020/06/23 20:18:02 66 log message
2020/06/23 20:18:02 67 log message
2020/06/23 20:18:02 68 log message
2020/06/23 20:18:02 69 log message
2020/06/23 20:18:02 70 log message
2020/06/23 20:18:02 71 log message
2020/06/23 20:18:02 72 log message
2020/06/23 20:18:02 73 log message
2020/06/23 20:18:02 74 log message
2020/06/23 20:18:02 75 log message
2020/06/23 20:18:02 76 log message
2020/06/23 20:18:02 77 log message
2020/06/23 20:18:02 78 log message
2020/06/23 20:18:02 79 log message
2020/06/23 20:18:02 80 log message
2020/06/23 20:18:02 81 log message
2020/06/23 20:18:02 82 log message
2020/06/23 20:18:02 83 log message
2020/06/23 20:18:02 84 log message
2020/06/23 20:18:02 85 log message
2020/06/23 20:18:02 86 log message
2020/06/23 20:18:02 87 log message
2020/06/23 20:18:02 88 log message
2020/06/23 20:18:02 89 log message
2020/06/23 20:18:02 90 log message
2020/06/23 20:18:02 91 log message
2020/06/23 20:18:02 92 log message
2020/06/23 20:18:02 93 log message
2020/06/23 20:18:02 94 log message
2020/06/23 20:18:02 95 log message
2020/06/23 20:18:02 96 log message
2020/06/23 20:18:02 97 log message
2020/06/23 20:18:02 98 log message
2020/06/23 20:18:02 99 log message
2020/06/23 20:18:02 Setting database file to ./traveller.db
2020/06/23 21:19:58 ---------------------
2020/06/23 21:19:58 Traveller started
2020/06/23 21:19:58 0 log message
2020/06/23 21:19:58 1 log message
2020/06/23 21:19:58 2 log message
2020/06/23 21:19:58 3 log message
2020/06/23 21:19:58 4 log message
2020/06/23 21:19:58 5 log message
2020/06/23 21:19:58 6 log message
2020/06/23 21:19:58 7 log message
2020/06/23 21:19:58 8 log message
2020/06/23 21:19:58 9 log message
2020/06/23 21:19:58 10 log message
2020/06/23 21:19:58 11 log message
2020/06/23 21:19:58 12 log message
2020/06/23 21:19:58 13 log message
2020/06/23 21:19:58 14 log message
2020/06/23 21:19:58 15 log message
2020/06/23 21:19:58 16 log message
2020/06/23 21:19:58 17 log message
2020/06/23 21:19:58 18 log message
2020/06/23 21:19:58 19 log message
2020/06/23 21:19:58 20 log message
2020/06/23 21:19:58 21 log message
2020/06/23 21:19:58 22 log message
2020/06/23 21:19:58 23 log message
2020/06/23 21:19:58 24 log message
2020/06/23 21:19:58 25 log message
2020/06/23 21:19:58 26 log message
2020/06/23 21:19:58 27 log message
2020/06/23 21:19:58 28 log message
2020/06/23 21:19:58 29 log message
2020/06/23 21:19:58 30 log message
2020/06/23 21:19:58 31 log message
2020/06/23 21:19:58 32 log message
2020/06/23 21:19:58 33 log message
2020/06/23 21:19:58 34 log message
2020/06/23 21:19:58 35 log message
2020/06/23 21:19:58 36 log message
2020/06/23 21:19:58 37 log message
2020/06/23 21:19:58 38 log message
2020/06/23 21:19:58 39 log message
2020/06/23 21:19:58 40 log message
2020/06/23 21:19:58 41 log message
2020/06/23 21:19:58 42 log message
2020/06/23 21:19:58 43 log message
2020/06/23 21:19:58 44 log message
2020/06/23 21:19:58 45 log message
2020/06/23 21:19:58 46 log message
2020/06/23 21:19:58 47 log message
2020/06/23 21:19:58 48 log message
2020/06/23 21:19:58 49 log message
2020/06/23 21:19:58 50 log message
2020/06/23 21:19:58 51 log message
2020/06/23 21:19:58 52 log message
2020/06/23 21:19:58 53 log message
2020/06/23 21:19:58 54 log message
2020/06/23 21:19:58 55 log message
2020/06/23 21:19:58 56 log message
2020/06/23 21:19:58 57 log message
2020/06/23 21:19:58 58 log message
2020/06/23 21:19:58 59 log message
2020/06/23 21:19:58 60 log message
2020/06/23 21:19:58 61 log message
2020/06/23 21:19:58 62 log message
2020/06/23 21:19:58 63 log message
2020/06/23 21:19:58 64 log message
2020/06/23 21:19:58 65 log message
2020/06/23 21:19:58 66 log message
2020/06/23 21:19:58 67 log message
2020/06/23 21:19:58 68 log message
2020/06/23 21:19:58 69 log message
2020/06/23 21:19:58 70 log message
2020/06/23 21:19:58 71 log message
2020/06/23 21:19:58 72 log message
2020/06/23 21:19:58 73 log message
2020/06/23 21:19:58 74 log message
2020/06/23 21:19:58 75 log message
2020/06/23 21:19:58 76 log message
2020/06/23 21:19:58 77 log message
2020/06/23 21:19:58 78 log message
2020/06/23 21:19:58 79 log message
2020/06/23 21:19:58 80 log message
2020/06/23 21:19:58 81 log message
2020/06/23 21:19:58 82 log message
2020/06/23 21:19:58 83 log message
2020/06/23 21:19:58 84 log message
2020/06/23 21:19:58 85 log message
2020/06/23 21:19:58 86 log message
2020/06/23 21:19:58 87 log message
2020/06/23 21:19:58 88 log message
2020/06/23 21:19:58 89 log message
2020/06/23 21:19:58 90 log message
2020/06/23 21:19:58 91 log message
2020/06/23 21:19:58 92 log message
2020/06/23 21:19:58 93 log message
2020/06/23 21:19:58 94 log message
2020/06/23 21:19:58 95 log message
2020/06/23 21:19:58 96 log message
2020/06/23 21:19:58 97 log message
2020/06/23 21:19:58 98 log message
2020/06/23 21:19:58 99 log message
2020/06/23 21:19:58 Setting database file to ./traveller.db
2020/06/23 21:24:24 ---------------------
2020/06/23 21:24:24 Traveller started
2020/06/23 21:24:24 0 log message
2020/06/23 21:24:24 1 log message
2020/06/23 21:24:24 2 log message
2020/06/23 21:24:24 3 log message
2020/06/23 21:24:24 4 log message
2020/06/23 21:24:24 5 log message
2020/06/23 21:24:24 6 log message
2020/06/23 21:24:24 7 log message
2020/06/23 21:24:24 8 log message
2020/06/23 21:24:24 9 log message
2020/06/23 21:24:24 10 log message
2020/06/23 21:24:24 11 log message
2020/06/23 21:24:24 12 log message
2020/06/23 21:24:24 13 log message
2020/06/23 21:24:24 14 log message
2020/06/23 21:24:24 15 log message
2020/06/23 21:24:24 16 log message
2020/06/23 21:24:24 17 log message
2020/06/23 21:24:24 18 log message
2020/06/23 21:24:24 19 log message
2020/06/23 21:24:24 20 log message
2020/06/23 21:24:24 21 log message
2020/06/23 21:24:24 22 log message
2020/06/23 21:24:24 23 log message
2020/06/23 21:24:24 24 log message
2020/06/23 21:24:24 25 log message
2020/06/23 21:24:24 26 log message
2020/06/23 21:24:24 27 log message
2020/06/23 21:24:24 28 log message
2020/06/23 21:24:24 29 log message
2020/06/23 21:24:24 30 log message
2020/06/23 21:24:24 31 log message
2020/06/23 21:24:24 32 log message
2020/06/23 21:24:24 33 log message
2020/06/23 21:24:24 34 log message
2020/06/23 21:24:24 35 log message
2020/06/23 21:24:24 36 log message
2020/06/23 21:24:24 37 log message
2020/06/23 21:24:24 38 log message
2020/06/23 21:24:24 39 log message
2020/06/23 21:24:24 40 log message
2020/06/23 21:24:24 41 log message
2020/06/23 21:24:24 42 log message
2020/06/23 21:24:24 43 log message
2020/06/23 21:24:24 44 log message
2020/06/23 21:24:24 45 log message
2020/06/23 21:24:24 46 log message
2020/06/23 21:24:24 47 log message
2020/06/23 21:24:24 48 log message
2020/06/23 21:24:24 49 log message
2020/06/23 21:24:24 50 log message
2020/06/23 21:24:24 51 log message
2020/06/23 21:24:24 52 log message
2020/06/23 21:24:24 53 log message
2020/06/23 21:24:24 54 log message
2020/06/23 21:24:24 55 log message
2020/06/23 21:24:24 56 log message
2020/06/23 21:24:24 57 log message
2020/06/23 21:24:24 58 log message
2020/06/23 21:24:24 59 log message
2020/06/23 21:24:24 60 log message
2020/06/23 21:24:24 61 log message
2020/06/23 21:24:24 62 log message
2020/06/23 21:24:24 63 log message
2020/06/23 21:24:24 64 log message
2020/06/23 21:24:24 65 log message
2020/06/23 21:24:24 66 log message
2020/06/23 21:24:24 67 log message
2020/06/23 21:24:24 68 log message
2020/06/23 21:24:24 69 log message
2020/06/23 21:24:24 70 log message
2020/06/23 21:24:24 71 log message
2020/06/23 21:24:24 72 log message
2020/06/23 21:24:24 73 log message
2020/06/23 21:24:24 74 log message
2020/06/23 21:24:24 75 log message
2020/06/23 21:24:24 76 log message
2020/06/23 21:24:24 77 log message
2020/06/23 21:24:24 78 log message
2020/06/23 21:24:24 79 log message
2020/06/23 21:24:24 80 log message
2020/06/23 21:24:24 81 log message
2020/06/23 21:24:24 82 log message
2020/06/23 21:24:24 83 log message
2020/06/23 21:24:24 84 log message
2020/06/23 21:24:24 85 log message
2020/06/23 21:24:24 86 log message
2020/06/23 21:24:24 87 log message
2020/06/23 21:24:24 88 log message
2020/06/23 21:24:24 89 log message
2020/06/23 21:24:24 90 log message
2020/06/23 21:24:24 91 log message
2020/06/23 21:24:24 92 log message
2020/06/23 21:24:24 93 log message
2020/06/23 21:24:24 94 log message
2020/06/23 21:24:24 95 log message
2020/06/23 21:24:24 96 log message
2020/06/23 21:24:24 97 log message
2020/06/23 21:24:24 98 log message
2020/06/23 21:24:24 99 log message
2020/06/23 21:24:24 Setting database file to ./traveller.db
2020/06/23 21:25:41 ---------------------
2020/06/23 21:25:41 Traveller started
2020/06/23 21:25:41 0 log message
2020/06/23 21:25:41 1 log message
2020/06/23 21:25:41 2 log message
2020/06/23 21:25:41 3 log message
2020/06/23 21:25:41 4 log message
2020/06/23 21:25:41 5 log message
2020/06/23 21:25:41 6 log message
2020/06/23 21:25:41 7 log message
2020/06/23 21:25:41 8 log message
2020/06/23 21:25:41 9 log message
2020/06/23 21:25:41 10 log message
2020/06/23 21:25:41 11 log message
2020/06/23 21:25:41 12 log message
2020/06/23 21:25:41 13 log message
2020/06/23 21:25:41 14 log message
2020/06/23 21:25:41 15 log message
2020/06/23 21:25:41 16 log message
2020/06/23 21:25:41 17 log message
2020/06/23 21:25:41 18 log message
2020/06/23 21:25:41 19 log message
2020/06/23 21:25:41 20 log message
2020/06/23 21:25:41 21 log message
2020/06/23 21:25:41 22 log message
2020/06/23 21:25:41 23 log message
2020/06/23 21:25:41 24 log message
2020/06/23 21:25:41 25 log message
2020/06/23 21:25:41 26 log message
2020/06/23 21:25:41 27 log message
2020/06/23 21:25:41 28 log message
2020/06/23 21:25:41 29 log message
2020/06/23 21:25:41 30 log message
2020/06/23 21:25:41 31 log message
2020/06/23 21:25:41 32 log message
2020/06/23 21:25:41 33 log message
2020/06/23 21:25:41 34 log message
2020/06/23 21:25:41 35 log message
2020/06/23 21:25:41 36 log message
2020/06/23 21:25:41 37 log message
2020/06/23 21:25:41 38 log message
2020/06/23 21:25:41 39 log message
2020/06/23 21:25:41 40 log message
2020/06/23 21:25:41 41 log message
2020/06/23 21:25:41 42 log message
2020/06/23 21:25:41 43 log message
2020/06/23 21:25:41 44 log message
2020/06/23 21:25:41 45 log message
2020/06/23 21:25:41 46 log message
2020/06/23 21:25:41 47 log message
2020/06/23 21:25:41 48 log message
2020/06/23 21:25:41 49 log message
2020/06/23 21:25:41 50 log message
2020/06/23 21:25:41 51 log message
2020/06/23 21:25:41 52 log message
2020/06/23 21:25:41 53 log message
2020/06/23 21:25:41 54 log message
2020/06/23 21:25:41 55 log message
2020/06/23 21:25:41 56 log message
2020/06/23 21:25:41 57 log message
2020/06/23 21:25:41 58 log message
2020/06/23 21:25:41 59 log message
2020/06/23 21:25:41 60 log message
2020/06/23 21:25:41 61 log message
2020/06/23 21:25:41 62 log message
2020/06/23 21:25:41 63 log message
2020/06/23 21:25:41 64 log message
2020/06/23 21:25:41 65 log message
2020/06/23 21:25:41 66 log message
2020/06/23 21:25:41 67 log message
2020/06/23 21:25:41 68 log message
2020/06/23 21:25:41 69 log message
2020/06/23 21:25:41 70 log message
2020/06/23 21:25:41 71 log message
2020/06/23 21:25:41 72 log message
2020/06/23 21:25:41 73 log message
2020/06/23 21:25:41 74 log message
2020/06/23 21:25:41 75 log message
2020/06/23 21:25:41 76 log message
2020/06/23 21:25:41 77 log message
2020/06/23 21:25:41 78 log message
2020/06/23 21:25:41 79 log message
2020/06/23 21:25:41 80 log message
2020/06/23 21:25:41 81 log message
2020/06/23 21:25:41 82 log message
2020/06/23 21:25:41 83 log message
2020/06/23 21:25:41 84 log message
2020/06/23 21:25:41 85 log message
2020/06/23 21:25:41 86 log message
2020/06/23 21:25:41 87 log message
2020/06/23 21:25:41 88 log message
2020/06/23 21:25:41 89 log message
2020/06/23 21:25:41 90 log message
2020/06/23 21:25:41 91 log message
2020/06/23 21:25:41 92 log message
2020/06/23 21:25:41 93 log message
2020/06/23 21:25:41 94 log message
2020/06/23 21:25:41 95 log message
2020/06/23 21:25:41 96 log message
2020/06/23 21:25:41 97 log message
2020/06/23 21:25:41 98 log message
2020/06/23 21:25:41 99 log message
2020/06/23 21:25:41 Setting database file to ./traveller.db
2020/06/23 21:28:54 ---------------------
2020/06/23 21:28:54 Traveller started
2020/06/23 21:28:54 0 log message
2020/06/23 21:28:54 1 log message
2020/06/23 21:28:54 2 log message
2020/06/23 21:28:54 3 log message
2020/06/23 21:28:54 4 log message
2020/06/23 21:28:54 5 log message
2020/06/23 21:28:54 6 log message
2020/06/23 21:28:54 7 log message
2020/06/23 21:28:54 8 log message
2020/06/23 21:28:54 9 log message
2020/06/23 21:28:54 10 log message
2020/06/23 21:28:54 11 log message
2020/06/23 21:28:54 12 log message
2020/06/23 21:28:54 13 log message
2020/06/23 21:28:54 14 log message
2020/06/23 21:28:54 15 log message
2020/06/23 21:28:54 16 log message
2020/06/23 21:28:54 17 log message
2020/06/23 21:28:54 18 log message
2020/06/23 21:28:54 19 log message
2020/06/23 21:28:54 20 log message
2020/06/23 21:28:54 21 log message
2020/06/23 21:28:54 22 log message
2020/06/23 21:28:54 23 log message
2020/06/23 21:28:54 24 log message
2020/06/23 21:28:54 25 log message
2020/06/23 21:28:54 26 log message
2020/06/23 21:28:54 27 log message
2020/06/23 21:28:54 28 log message
2020/06/23 21:28:54 29 log message
2020/06/23 21:28:54 30 log message
2020/06/23 21:28:54 31 log message
2020/06/23 21:28:54 32 log message
2020/06/23 21:28:54 33 log message
2020/06/23 21:28:54 34 log message
2020/06/23 21:28:54 35 log message
2020/06/23 21:28:54 36 log message
2020/06/23 21:28:54 37 log message
2020/06/23 21:28:54 38 log message
2020/06/23 21:28:54 39 log message
2020/06/23 21:28:54 40 log message
2020/06/23 21:28:54 41 log message
2020/06/23 21:28:54 42 log message
2020/06/23 21:28:54 43 log message
2020/06/23 21:28:54 44 log message
2020/06/23 21:28:54 45 log message
2020/06/23 21:28:54 46 log message
2020/06/23 21:28:54 47 log message
2020/06/23 21:28:54 48 log message
2020/06/23 21:28:54 49 log message
2020/06/23 21:28:54 50 log message
2020/06/23 21:28:54 51 log message
2020/06/23 21:28:54 52 log message
2020/06/23 21:28:54 53 log message
2020/06/23 21:28:54 54 log message
2020/06/23 21:28:54 55 log message
2020/06/23 21:28:54 56 log message
2020/06/23 21:28:54 57 log message
2020/06/23 21:28:54 58 log message
2020/06/23 21:28:54 59 log message
2020/06/23 21:28:54 60 log message
2020/06/23 21:28:54 61 log message
2020/06/23 21:28:54 62 log message
2020/06/23 21:28:54 63 log message
2020/06/23 21:28:54 64 log message
2020/06/23 21:28:54 65 log message
2020/06/23 21:28:54 66 log message
2020/06/23 21:28:54 67 log message
2020/06/23 21:28:54 68 log message
2020/06/23 21:28:54 69 log message
2020/06/23 21:28:54 70 log message
2020/06/23 21:28:54 71 log message
2020/06/23 21:28:54 72 log message
2020/06/23 21:28:54 73 log message
2020/06/23 21:28:54 74 log message
2020/06/23 21:28:54 75 log message
2020/06/23 21:28:54 76 log message
2020/06/23 21:28:54 77 log message
2020/06/23 21:28:54 78 log message
2020/06/23 21:28:54 79 log message
2020/06/23 21:28:54 80 log message
2020/06/23 21:28:54 81 log message
2020/06/23 21:28:54 82 log message
2020/06/23 21:28:54 83 log message
2020/06/23 21:28:54 84 log message
2020/06/23 21:28:54 85 log message
2020/06/23 21:28:54 86 log message
2020/06/23 21:28:54 87 log message
2020/06/23 21:28:54 88 log message
2020/06/23 21:28:54 89 log message
2020/06/23 21:28:54 90 log message
2020/06/23 21:28:54 91 log message
2020/06/23 21:28:54 92 log message
2020/06/23 21:28:54 93 log message
2020/06/23 21:28:54 94 log message
2020/06/23 21:28:54 95 log message
2020/06/23 21:28:54 96 log message
2020/06/23 21:28:54 97 log message
2020/06/23 21:28:54 98 log message
2020/06/23 21:28:54 99 log message
2020/06/23 21:28:54 Setting database file to ./traveller.db
2020/06/23 21:30:03 ---------------------
2020/06/23 21:30:03 Traveller started
2020/06/23 21:30:03 0 log message
2020/06/23 21:30:03 1 log message
2020/06/23 21:30:03 2 log message
2020/06/23 21:30:03 3 log message
2020/06/23 21:30:03 4 log message
2020/06/23 21:30:03 5 log message
2020/06/23 21:30:03 6 log message
2020/06/23 21:30:03 7 log message
2020/06/23 21:30:03 8 log message
2020/06/23 21:30:03 9 log message
2020/06/23 21:30:03 10 log message
2020/06/23 21:30:03 11 log message
2020/06/23 21:30:03 12 log message
2020/06/23 21:30:03 13 log message
2020/06/23 21:30:03 14 log message
2020/06/23 21:30:03 15 log message
2020/06/23 21:30:03 16 log message
2020/06/23 21:30:03 17 log message
2020/06/23 21:30:03 18 log message
2020/06/23 21:30:03 19 log message
2020/06/23 21:30:03 20 log message
2020/06/23 21:30:03 21 log message
2020/06/23 21:30:03 22 log message
2020/06/23 21:30:03 23 log message
2020/06/23 21:30:03 24 log message
2020/06/23 21:30:03 25 log message
2020/06/23 21:30:03 26 log message
2020/06/23 21:30:03 27 log message
2020/06/23 21:30:03 28 log message
2020/06/23 21:30:03 29 log message
2020/06/23 21:30:03 30 log message
2020/06/23 21:30:03 31 log message
2020/06/23 21:30:03 32 log message
2020/06/23 21:30:03 33 log message
2020/06/23 21:30:03 34 log message
2020/06/23 21:30:03 35 log message
2020/06/23 21:30:03 36 log message
2020/06/23 21:30:03 37 log message
2020/06/23 21:30:03 38 log message
2020/06/23 21:30:03 39 log message
2020/06/23 21:30:03 40 log message
2020/06/23 21:30:03 41 log message
2020/06/23 21:30:03 42 log message
2020/06/23 21:30:03 43 log message
2020/06/23 21:30:03 44 log message
2020/06/23 21:30:03 45 log message
2020/06/23 21:30:03 46 log message
2020/06/23 21:30:03 47 log message
2020/06/23 21:30:03 48 log message
2020/06/23 21:30:03 49 log message
2020/06/23 21:30:03 50 log message
2020/06/23 21:30:03 51 log message
2020/06/23 21:30:03 52 log message
2020/06/23 21:30:03 53 log message
2020/06/23 21:30:03 54 log message
2020/06/23 21:30:03 55 log message
2020/06/23 21:30:03 56 log message
2020/06/23 21:30:03 57 log message
2020/06/23 21:30:03 58 log message
2020/06/23 21:30:03 59 log message
2020/06/23 21:30:03 60 log message
2020/06/23 21:30:03 61 log message
2020/06/23 21:30:03 62 log message
2020/06/23 21:30:03 63 log message
2020/06/23 21:30:03 64 log message
2020/06/23 21:30:03 65 log message
2020/06/23 21:30:03 66 log message
2020/06/23 21:30:03 67 log message
2020/06/23 21:30:03 68 log message
2020/06/23 21:30:03 69 log message
2020/06/23 21:30:03 70 log message
2020/06/23 21:30:03 71 log message
2020/06/23 21:30:03 72 log message
2020/06/23 21:30:03 73 log message
2020/06/23 21:30:03 74 log message
2020/06/23 21:30:03 75 log message
2020/06/23 21:30:03 76 log message
2020/06/23 21:30:03 77 log message
2020/06/23 21:30:03 78 log message
2020/06/23 21:30:03 79 log message
2020/06/23 21:30:03 80 log message
2020/06/23 21:30:03 81 log message
2020/06/23 21:30:03 82 log message
2020/06/23 21:30:03 83 log message
2020/06/23 21:30:03 84 log message
2020/06/23 21:30:03 85 log message
2020/06/23 21:30:03 86 log message
2020/06/23 21:30:03 87 log message
2020/06/23 21:30:03 88 log message
2020/06/23 21:30:03 89 log message
2020/06/23 21:30:03 90 log message
2020/06/23 21:30:03 91 log message
2020/06/23 21:30:03 92 log message
2020/06/23 21:30:03 93 log message
2020/06/23 21:30:03 94 log message
2020/06/23 21:30:03 95 log message
2020/06/23 21:30:03 96 log message
2020/06/23 21:30:03 97 log message
2020/06/23 21:30:03 98 log message
2020/06/23 21:30:03 99 log message
2020/06/23 21:30:03 Setting database file to ./traveller.db
2020/06/23 22:06:17 ---------------------
2020/06/23 22:06:17 Traveller started
2020/06/23 22:06:17 0 log message
2020/06/23 22:06:17 1 log message
2020/06/23 22:06:17 2 log message
2020/06/23 22:06:17 3 log message
2020/06/23 22:06:17 4 log message
2020/06/23 22:06:17 5 log message
2020/06/23 22:06:17 6 log message
2020/06/23 22:06:17 7 log message
2020/06/23 22:06:17 8 log message
2020/06/23 22:06:17 9 log message
2020/06/23 22:06:17 10 log message
2020/06/23 22:06:17 11 log message
2020/06/23 22:06:17 12 log message
2020/06/23 22:06:17 13 log message
2020/06/23 22:06:17 14 log message
2020/06/23 22:06:17 15 log message
2020/06/23 22:06:17 16 log message
2020/06/23 22:06:17 17 log message
2020/06/23 22:06:17 18 log message
2020/06/23 22:06:17 19 log message
2020/06/23 22:06:17 20 log message
2020/06/23 22:06:17 21 log message
2020/06/23 22:06:17 22 log message
2020/06/23 22:06:17 23 log message
2020/06/23 22:06:17 24 log message
2020/06/23 22:06:17 25 log message
2020/06/23 22:06:17 26 log message
2020/06/23 22:06:17 27 log message
2020/06/23 22:06:17 28 log message
2020/06/23 22:06:17 29 log message
2020/06/23 22:06:17 30 log message
2020/06/23 22:06:17 31 log message
2020/06/23 22:06:17 32 log message
2020/06/23 22:06:17 33 log message
2020/06/23 22:06:17 34 log message
2020/06/23 22:06:17 35 log message
2020/06/23 22:06:17 36 log message
2020/06/23 22:06:17 37 log message
2020/06/23 22:06:17 38 log message
2020/06/23 22:06:17 39 log message
2020/06/23 22:06:17 40 log message
2020/06/23 22:06:17 41 log message
2020/06/23 22:06:17 42 log message
2020/06/23 22:06:17 43 log message
2020/06/23 22:06:17 44 log message
2020/06/23 22:06:17 45 log message
2020/06/23 22:06:17 46 log message
2020/06/23 22:06:17 47 log message
2020/06/23 22:06:17 48 log message
2020/06/23 22:06:17 49 log message
2020/06/23 22:06:17 50 log message
2020/06/23 22:06:17 51 log message
2020/06/23 22:06:17 52 log message
2020/06/23 22:06:17 53 log message
2020/06/23 22:06:17 54 log message
2020/06/23 22:06:17 55 log message
2020/06/23 22:06:17 56 log message
2020/06/23 22:06:17 57 log message
2020/06/23 22:06:17 58 log message
2020/06/23 22:06:17 59 log message
2020/06/23 22:06:17 60 log message
2020/06/23 22:06:17 61 log message
2020/06/23 22:06:17 62 log message
2020/06/23 22:06:17 63 log message
2020/06/23 22:06:17 64 log message
2020/06/23 22:06:17 65 log message
2020/06/23 22:06:17 66 log message
2020/06/23 22:06:17 67 log message
2020/06/23 22:06:17 68 log message
2020/06/23 22:06:17 69 log message
2020/06/23 22:06:17 70 log message
2020/06/23 22:06:17 71 log message
2020/06/23 22:06:17 72 log message
2020/06/23 22:06:17 73 log message
2020/06/23 22:06:17 74 log message
2020/06/23 22:06:17 75 log message
2020/06/23 22:06:17 76 log message
2020/06/23 22:06:17 77 log message
2020/06/23 22:06:17 78 log message
2020/06/23 22:06:17 79 log message
2020/06/23 22:06:17 80 log message
2020/06/23 22:06:17 81 log message
2020/06/23 22:06:17 82 log message
2020/06/23 22:06:17 83 log message
2020/06/23 22:06:17 84 log message
2020/06/23 22:06:17 85 log message
2020/06/23 22:06:17 86 log message
2020/06/23 22:06:17 87 log message
2020/06/23 22:06:17 88 log message
2020/06/23 22:06:17 89 log message
2020/06/23 22:06:17 90 log message
2020/06/23 22:06:17 91 log message
2020/06/23 22:06:17 92 log message
2020/06/23 22:06:17 93 log message
2020/06/23 22:06:17 94 log message
2020/06/23 22:06:17 95 log message
2020/06/23 22:06:17 96 log message
2020/06/23 22:06:17 97 log message
2020/06/23 22:06:17 98 log message
2020/06/23 22:06:17 99 log message
2020/06/23 22:06:17 Setting database file to ./traveller.db
2020/06/23 22:07:54 ---------------------
2020/06/23 22:07:54 Traveller started
2020/06/23 22:07:54 0 log message
2020/06/23 22:07:54 1 log message
2020/06/23 22:07:54 2 log message
2020/06/23 22:07:54 3 log message
2020/06/23 22:07:54 4 log message
2020/06/23 22:07:54 5 log message
2020/06/23 22:07:54 6 log message
2020/06/23 22:07:54 7 log message
2020/06/23 22:07:54 8 log message
2020/06/23 22:07:54 9 log message
2020/06/23 22:07:54 10 log message
2020/06/23 22:07:54 11 log message
2020/06/23 22:07:54 12 log message
2020/06/23 22:07:54 13 log message
2020/06/23 22:07:54 14 log message
2020/06/23 22:07:54 15 log message
2020/06/23 22:07:54 16 log message
2020/06/23 22:07:54 17 log message
2020/06/23 22:07:54 18 log message
2020/06/23 22:07:54 19 log message
2020/06/23 22:07:54 20 log message
2020/06/23 22:07:54 21 log message
2020/06/23 22:07:54 22 log message
2020/06/23 22:07:54 23 log message
2020/06/23 22:07:54 24 log message
2020/06/23 22:07:54 25 log message
2020/06/23 22:07:54 26 log message
2020/06/23 22:07:54 27 log message
2020/06/23 22:07:54 28 log message
2020/06/23 22:07:54 29 log message
2020/06/23 22:07:54 30 log message
2020/06/23 22:07:54 31 log message
2020/06/23 22:07:54 32 log message
2020/06/23 22:07:54 33 log message
2020/06/23 22:07:54 34 log message
2020/06/23 22:07:54 35 log message
2020/06/23 22:07:54 36 log message
2020/06/23 22:07:54 37 log message
2020/06/23 22:07:54 38 log message
2020/06/23 22:07:54 39 log message
2020/06/23 22:07:54 40 log message
2020/06/23 22:07:54 41 log message
2020/06/23 22:07:54 42 log message
2020/06/23 22:07:54 43 log message
2020/06/23 22:07:54 44 log message
2020/06/23 22:07:54 45 log message
2020/06/23 22:07:54 46 log message
2020/06/23 22:07:54 47 log message
2020/06/23 22:07:54 48 log message
2020/06/23 22:07:54 49 log message
2020/06/23 22:07:54 50 log message
2020/06/23 22:07:54 51 log message
2020/06/23 22:07:54 52 log message
2020/06/23 22:07:54 53 log message
2020/06/23 22:07:54 54 log message
2020/06/23 22:07:54 55 log message
2020/06/23 22:07:54 56 log message
2020/06/23 22:07:54 57 log message
2020/06/23 22:07:54 58 log message
2020/06/23 22:07:54 59 log message
2020/06/23 22:07:54 60 log message
2020/06/23 22:07:54 61 log message
2020/06/23 22:07:54 62 log message
2020/06/23 22:07:54 63 log message
2020/06/23 22:07:54 64 log message
2020/06/23 22:07:54 65 log message
2020/06/23 22:07:54 66 log message
2020/06/23 22:07:54 67 log message
2020/06/23 22:07:54 68 log message
2020/06/23 22:07:54 69 log message
2020/06/23 22:07:54 70 log message
2020/06/23 22:07:54 71 log message
2020/06/23 22:07:54 72 log message
2020/06/23 22:07:54 73 log message
2020/06/23 22:07:54 74 log message
2020/06/23 22:07:54 75 log message
2020/06/23 22:07:54 76 log message
2020/06/23 22:07:54 77 log message
2020/06/23 22:07:54 78 log message
2020/06/23 22:07:54 79 log message
2020/06/23 22:07:54 80 log message
2020/06/23 22:07:54 81 log message
2020/06/23 22:07:54 82 log message
2020/06/23 22:07:54 83 log message
2020/06/23 22:07:54 84 log message
2020/06/23 22:07:54 85 log message
2020/06/23 22:07:54 86 log message
2020/06/23 22:07:54 87 log message
2020/06/23 22:07:54 88 log message
2020/06/23 22:07:54 89 log message
2020/06/23 22:07:54 90 log message
2020/06/23 22:07:54 91 log message
2020/06/23 22:07:54 92 log message
2020/06/23 22:07:54 93 log message
2020/06/23 22:07:54 94 log message
2020/06/23 22:07:54 95 log message
2020/06/23 22:07:54 96 log message
2020/06/23 22:07:54 97 log message
2020/06/23 22:07:54 98 log message
2020/06/23 22:07:54 99 log message
2020/06/23 22:07:54 Setting database file to ./traveller.db
2020/06/24 08:28:49 ---------------------
2020/06/24 08:28:49 Traveller started
2020/06/24 08:28:49 0 log message
2020/06/24 08:28:49 1 log message
2020/06/24 08:28:49 2 log message
2020/06/24 08:28:49 3 log message
2020/06/24 08:28:49 4 log message
2020/06/24 08:28:49 5 log message
2020/06/24 08:28:49 6 log message
2020/06/24 08:28:49 7 log message
2020/06/24 08:28:49 8 log message
2020/06/24 08:28:49 9 log message
2020/06/24 08:28:49 10 log message
2020/06/24 08:28:49 11 log message
2020/06/24 08:28:49 12 log message
2020/06/24 08:28:49 13 log message
2020/06/24 08:28:49 14 log message
2020/06/24 08:28:49 15 log message
2020/06/24 08:28:49 16 log message
2020/06/24 08:28:49 17 log message
2020/06/24 08:28:49 18 log message
2020/06/24 08:28:49 19 log message
2020/06/24 08:28:49 20 log message
2020/06/24 08:28:49 21 log message
2020/06/24 08:28:49 22 log message
2020/06/24 08:28:49 23 log message
2020/06/24 08:28:49 24 log message
2020/06/24 08:28:49 25 log message
2020/06/24 08:28:49 26 log message
2020/06/24 08:28:49 27 log message
2020/06/24 08:28:49 28 log message
2020/06/24 08:28:49 29 log message
2020/06/24 08:28:49 30 log message
2020/06/24 08:28:49 31 log message
2020/06/24 08:28:49 32 log message
2020/06/24 08:28:49 33 log message
2020/06/24 08:28:49 34 log message
2020/06/24 08:28:49 35 log message
2020/06/24 08:28:49 36 log message
2020/06/24 08:28:49 37 log message
2020/06/24 08:28:49 38 log message
2020/06/24 08:28:49 39 log message
2020/06/24 08:28:49 40 log message
2020/06/24 08:28:49 41 log message
2020/06/24 08:28:49 42 log message
2020/06/24 08:28:49 43 log message
2020/06/24 08:28:49 44 log message
2020/06/24 08:28:49 45 log message
2020/06/24 08:28:49 46 log message
2020/06/24 08:28:49 47 log message
2020/06/24 08:28:49 48 log message
2020/06/24 08:28:49 49 log message
2020/06/24 08:28:49 50 log message
2020/06/24 08:28:49 51 log message
2020/06/24 08:28:49 52 log message
2020/06/24 08:28:49 53 log message
2020/06/24 08:28:49 54 log message
2020/06/24 08:28:49 55 log message
2020/06/24 08:28:49 56 log message
2020/06/24 08:28:49 57 log message
2020/06/24 08:28:49 58 log message
2020/06/24 08:28:49 59 log message
2020/06/24 08:28:49 60 log message
2020/06/24 08:28:49 61 log message
2020/06/24 08:28:49 62 log message
2020/06/24 08:28:49 63 log message
2020/06/24 08:28:49 64 log message
2020/06/24 08:28:49 65 log message
2020/06/24 08:28:49 66 log message
2020/06/24 08:28:49 67 log message
2020/06/24 08:28:49 68 log message
2020/06/24 08:28:49 69 log message
2020/06/24 08:28:49 70 log message
2020/06/24 08:28:49 71 log message
2020/06/24 08:28:49 72 log message
2020/06/24 08:28:49 73 log message
2020/06/24 08:28:49 74 log message
2020/06/24 08:28:49 75 log message
2020/06/24 08:28:49 76 log message
2020/06/24 08:28:49 77 log message
2020/06/24 08:28:49 78 log message
2020/06/24 08:28:49 79 log message
2020/06/24 08:28:49 80 log message
2020/06/24 08:28:49 81 log message
2020/06/24 08:28:49 82 log message
2020/06/24 08:28:49 83 log message
2020/06/24 08:28:49 84 log message
2020/06/24 08:28:49 85 log message
2020/06/24 08:28:49 86 log message
2020/06/24 08:28:49 87 log message
2020/06/24 08:28:49 88 log message
2020/06/24 08:28:49 89 log message
2020/06/24 08:28:49 90 log message
2020/06/24 08:28:49 91 log message
2020/06/24 08:28:49 92 log message
2020/06/24 08:28:49 93 log message
2020/06/24 08:28:49 94 log message
2020/06/24 08:28:49 95 log message
2020/06/24 08:28:49 96 log message
2020/06/24 08:28:49 97 log message
2020/06/24 08:28:49 98 log message
2020/06/24 08:28:49 99 log message
2020/06/24 08:28:49 Setting database file to ./traveller.db
2020/06/24 08:41:45 ---------------------
2020/06/24 08:41:45 Traveller started
2020/06/24 08:41:45 0 log message
2020/06/24 08:41:45 1 log message
2020/06/24 08:41:45 2 log message
2020/06/24 08:41:45 3 log message
2020/06/24 08:41:45 4 log message
2020/06/24 08:41:45 5 log message
2020/06/24 08:41:45 6 log message
2020/06/24 08:41:45 7 log message
2020/06/24 08:41:45 8 log message
2020/06/24 08:41:45 9 log message
2020/06/24 08:41:45 10 log message
2020/06/24 08:41:45 11 log message
2020/06/24 08:41:45 12 log message
2020/06/24 08:41:45 13 log message
2020/06/24 08:41:45 14 log message
2020/06/24 08:41:45 15 log message
2020/06/24 08:41:45 16 log message
2020/06/24 08:41:45 17 log message
2020/06/24 08:41:45 18 log message
2020/06/24 08:41:45 19 log message
2020/06/24 08:41:45 20 log message
2020/06/24 08:41:45 21 log message
2020/06/24 08:41:45 22 log message
2020/06/24 08:41:45 23 log message
2020/06/24 08:41:45 24 log message
2020/06/24 08:41:45 25 log message
2020/06/24 08:41:45 26 log message
2020/06/24 08:41:45 27 log message
2020/06/24 08:41:45 28 log message
2020/06/24 08:41:45 29 log message
2020/06/24 08:41:45 30 log message
2020/06/24 08:41:45 31 log message
2020/06/24 08:41:45 32 log message
2020/06/24 08:41:45 33 log message
2020/06/24 08:41:45 34 log message
2020/06/24 08:41:45 35 log message
2020/06/24 08:41:45 36 log message
2020/06/24 08:41:45 37 log message
2020/06/24 08:41:45 38 log message
2020/06/24 08:41:45 39 log message
2020/06/24 08:41:45 40 log message
2020/06/24 08:41:45 41 log message
2020/06/24 08:41:45 42 log message
2020/06/24 08:41:45 43 log message
2020/06/24 08:41:45 44 log message
2020/06/24 08:41:45 45 log message
2020/06/24 08:41:45 46 log message
2020/06/24 08:41:45 47 log message
2020/06/24 08:41:45 48 log message
2020/06/24 08:41:45 49 log message
2020/06/24 08:41:45 50 log message
2020/06/24 08:41:45 51 log message
2020/06/24 08:41:45 52 log message
2020/06/24 08:41:45 53 log message
2020/06/24 08:41:45 54 log message
2020/06/24 08:41:45 55 log message
2020/06/24 08:41:45 56 log message
2020/06/24 08:41:45 57 log message
2020/06/24 08:41:45 58 log message
2020/06/24 08:41:45 59 log message
2020/06/24 08:41:45 60 log message
2020/06/24 08:41:45 61 log message
2020/06/24 08:41:45 62 log message
2020/06/24 08:41:45 63 log message
2020/06/24 08:41:45 64 log message
2020/06/24 08:41:45 65 log message
2020/06/24 08:41:45 66 log message
2020/06/24 08:41:45 67 log message
2020/06/24 08:41:45 68 log message
2020/06/24 08:41:45 69 log message
2020/06/24 08:41:45 70 log message
2020/06/24 08:41:45 71 log message
2020/06/24 08:41:45 72 log message
2020/06/24 08:41:45 73 log message
2020/06/24 08:41:45 74 log message
2020/06/24 08:41:45 75 log message
2020/06/24 08:41:45 76 log message
2020/06/24 08:41:45 77 log message
2020/06/24 08:41:45 78 log message
2020/06/24 08:41:45 79 log message
2020/06/24 08:41:45 80 log message
2020/06/24 08:41:45 81 log message
2020/06/24 08:41:45 82 log message
2020/06/24 08:41:45 83 log message
2020/06/24 08:41:45 84 log message
2020/06/24 08:41:45 85 log message
2020/06/24 08:41:45 86 log message
2020/06/24 08:41:45 87 log message
2020/06/24 08:41:45 88 log message
2020/06/24 08:41:45 89 log message
2020/06/24 08:41:45 90 log message
2020/06/24 08:41:45 91 log message
2020/06/24 08:41:45 92 log message
2020/06/24 08:41:45 93 log message
2020/06/24 08:41:45 94 log message
2020/06/24 08:41:45 95 log message
2020/06/24 08:41:45 96 log message
2020/06/24 08:41:45 97 log message
2020/06/24 08:41:45 98 log message
2020/06/24 08:41:45 99 log message
2020/06/24 08:41:45 Setting database file to ./traveller.db
2020/06/24 08:42:57 ---------------------
2020/06/24 08:42:57 Traveller started
2020/06/24 08:42:57 0 log message
2020/06/24 08:42:57 1 log message
2020/06/24 08:42:57 2 log message
2020/06/24 08:42:57 3 log message
2020/06/24 08:42:57 4 log message
2020/06/24 08:42:57 5 log message
2020/06/24 08:42:57 6 log message
2020/06/24 08:42:57 7 log message
2020/06/24 08:42:57 8 log message
2020/06/24 08:42:57 9 log message
2020/06/24 08:42:57 10 log message
2020/06/24 08:42:57 11 log message
2020/06/24 08:42:57 12 log message
2020/06/24 08:42:57 13 log message
2020/06/24 08:42:57 14 log message
2020/06/24 08:42:57 15 log message
2020/06/24 08:42:57 16 log message
2020/06/24 08:42:57 17 log message
2020/06/24 08:42:57 18 log message
2020/06/24 08:42:57 19 log message
2020/06/24 08:42:57 20 log message
2020/06/24 08:42:57 21 log message
2020/06/24 08:42:57 22 log message
2020/06/24 08:42:57 23 log message
2020/06/24 08:42:57 24 log message
2020/06/24 08:42:57 25 log message
2020/06/24 08:42:57 26 log message
2020/06/24 08:42:57 27 log message
2020/06/24 08:42:57 28 log message
2020/06/24 08:42:57 29 log message
2020/06/24 08:42:57 30 log message
2020/06/24 08:42:57 31 log message
2020/06/24 08:42:57 32 log message
2020/06/24 08:42:57 33 log message
2020/06/24 08:42:57 34 log message
2020/06/24 08:42:57 35 log message
2020/06/24 08:42:57 36 log message
2020/06/24 08:42:57 37 log message
2020/06/24 08:42:57 38 log message
2020/06/24 08:42:57 39 log message
2020/06/24 08:42:57 40 log message
2020/06/24 08:42:57 41 log message
2020/06/24 08:42:57 42 log message
2020/06/24 08:42:57 43 log message
2020/06/24 08:42:57 44 log message
2020/06/24 08:42:57 45 log message
2020/06/24 08:42:57 46 log message
2020/06/24 08:42:57 47 log message
2020/06/24 08:42:57 48 log message
2020/06/24 08:42:57 49 log message
2020/06/24 08:42:57 50 log message
2020/06/24 08:42:57 51 log message
2020/06/24 08:42:57 52 log message
2020/06/24 08:42:57 53 log message
2020/06/24 08:42:57 54 log message
2020/06/24 08:42:57 55 log message
2020/06/24 08:42:57 56 log message
2020/06/24 08:42:57 57 log message
2020/06/24 08:42:57 58 log message
2020/06/24 08:42:57 59 log message
2020/06/24 08:42:57 60 log message
2020/06/24 08:42:57 61 log message
2020/06/24 08:42:57 62 log message
2020/06/24 08:42:57 63 log message
2020/06/24 08:42:57 64 log message
2020/06/24 08:42:57 65 log message
2020/06/24 08:42:57 66 log message
2020/06/24 08:42:57 67 log message
2020/06/24 08:42:57 68 log message
2020/06/24 08:42:57 69 log message
2020/06/24 08:42:57 70 log message
2020/06/24 08:42:57 71 log message
2020/06/24 08:42:57 72 log message
2020/06/24 08:42:57 73 log message
2020/06/24 08:42:57 74 log message
2020/06/24 08:42:57 75 log message
2020/06/24 08:42:57 76 log message
2020/06/24 08:42:57 77 log message
2020/06/24 08:42:57 78 log message
2020/06/24 08:42:57 79 log message
2020/06/24 08:42:57 80 log message
2020/06/24 08:42:57 81 log message
2020/06/24 08:42:57 82 log message
2020/06/24 08:42:57 83 log message
2020/06/24 08:42:57 84 log message
2020/06/24 08:42:57 85 log message
2020/06/24 08:42:57 86 log message
2020/06/24 08:42:57 87 log message
2020/06/24 08:42:57 88 log message
2020/06/24 08:42:57 89 log message
2020/06/24 08:42:57 90 log message
2020/06/24 08:42:57 91 log message
2020/06/24 08:42:57 92 log message
2020/06/24 08:42:57 93 log message
2020/06/24 08:42:57 94 log message
2020/06/24 08:42:57 95 log message
2020/06/24 08:42:57 96 log message
2020/06/24 08:42:57 97 log message
2020/06/24 08:42:57 98 log message
2020/06/24 08:42:57 99 log message
2020/06/24 08:42:57 Setting database file to ./traveller.db
2020/06/25 15:57:07 ---------------------
2020/06/25 15:57:07 Traveller started
2020/06/25 15:57:07 0 log message
2020/06/25 15:57:07 1 log message
2020/06/25 15:57:07 2 log message
2020/06/25 15:57:07 3 log message
2020/06/25 15:57:07 4 log message
2020/06/25 15:57:07 5 log message
2020/06/25 15:57:07 6 log message
2020/06/25 15:57:07 7 log message
2020/06/25 15:57:07 8 log message
2020/06/25 15:57:07 9 log message
2020/06/25 15:57:07 10 log message
2020/06/25 15:57:07 11 log message
2020/06/25 15:57:07 12 log message
2020/06/25 15:57:07 13 log message
2020/06/25 15:57:07 14 log message
2020/06/25 15:57:07 15 log message
2020/06/25 15:57:07 16 log message
2020/06/25 15:57:07 17 log message
2020/06/25 15:57:07 18 log message
2020/06/25 15:57:07 19 log message
2020/06/25 15:57:07 20 log message
2020/06/25 15:57:07 21 log message
2020/06/25 15:57:07 22 log message
2020/06/25 15:57:07 23 log message
2020/06/25 15:57:07 24 log message
2020/06/25 15:57:07 25 log message
2020/06/25 15:57:07 26 log message
2020/06/25 15:57:07 27 log message
2020/06/25 15:57:07 28 log message
2020/06/25 15:57:07 29 log message
2020/06/25 15:57:07 30 log message
2020/06/25 15:57:07 31 log message
2020/06/25 15:57:07 32 log message
2020/06/25 15:57:07 33 log message
2020/06/25 15:57:07 34 log message
2020/06/25 15:57:07 35 log message
2020/06/25 15:57:07 36 log message
2020/06/25 15:57:07 37 log message
2020/06/25 15:57:07 38 log message
2020/06/25 15:57:07 39 log message
2020/06/25 15:57:07 40 log message
2020/06/25 15:57:07 41 log message
2020/06/25 15:57:07 42 log message
2020/06/25 15:57:07 43 log message
2020/06/25 15:57:07 44 log message
2020/06/25 15:57:07 45 log message
2020/06/25 15:57:07 46 log message
2020/06/25 15:57:07 47 log message
2020/06/25 15:57:07 48 log message
2020/06/25 15:57:07 49 log message
2020/06/25 15:57:07 50 log message
2020/06/25 15:57:07 51 log message
2020/06/25 15:57:07 52 log message
2020/06/25 15:57:07 53 log message
2020/06/25 15:57:07 54 log message
2020/06/25 15:57:07 55 log message
2020/06/25 15:57:07 56 log message
2020/06/25 15:57:07 57 log message
2020/06/25 15:57:07 58 log message
2020/06/25 15:57:07 59 log message
2020/06/25 15:57:07 60 log message
2020/06/25 15:57:07 61 log message
2020/06/25 15:57:07 62 log message
2020/06/25 15:57:07 63 log message
2020/06/25 15:57:07 64 log message
2020/06/25 15:57:07 65 log message
2020/06/25 15:57:07 66 log message
2020/06/25 15:57:07 67 log message
2020/06/25 15:57:07 68 log message
2020/06/25 15:57:07 69 log message
2020/06/25 15:57:07 70 log message
2020/06/25 15:57:07 71 log message
2020/06/25 15:57:07 72 log message
2020/06/25 15:57:07 73 log message
2020/06/25 15:57:07 74 log message
2020/06/25 15:57:07 75 log message
2020/06/25 15:57:07 76 log message
2020/06/25 15:57:07 77 log message
2020/06/25 15:57:07 78 log message
2020/06/25 15:57:07 79 log message
2020/06/25 15:57:07 80 log message
2020/06/25 15:57:07 81 log message
2020/06/25 15:57:07 82 log message
2020/06/25 15:57:07 83 log message
2020/06/25 15:57:07 84 log message
2020/06/25 15:57:07 85 log message
2020/06/25 15:57:07 86 log message
2020/06/25 15:57:07 87 log message
2020/06/25 15:57:07 88 log message
2020/06/25 15:57:07 89 log message
2020/06/25 15:57:07 90 log message
2020/06/25 15:57:07 91 log message
2020/06/25 15:57:07 92 log message
2020/06/25 15:57:07 93 log message
2020/06/25 15:57:07 94 log message
2020/06/25 15:57:07 95 log message
2020/06/25 15:57:07 96 log message
2020/06/25 15:57:07 97 log message
2020/06/25 15:57:07 98 log message
2020/06/25 15:57:07 99 log message
2020/06/25 15:57:07 Setting database file to ./traveller.db
2020/06/25 16:15:48 ---------------------
2020/06/25 16:15:48 Traveller started
2020/06/25 16:15:48 0 log message
2020/06/25 16:15:48 1 log message
2020/06/25 16:15:48 2 log message
2020/06/25 16:15:48 3 log message
2020/06/25 16:15:48 4 log message
2020/06/25 16:15:48 5 log message
2020/06/25 16:15:48 6 log message
2020/06/25 16:15:48 7 log message
2020/06/25 16:15:48 8 log message
2020/06/25 16:15:48 9 log message
2020/06/25 16:15:48 10 log message
2020/06/25 16:15:48 11 log message
2020/06/25 16:15:48 12 log message
2020/06/25 16:15:48 13 log message
2020/06/25 16:15:48 14 log message
2020/06/25 16:15:48 15 log message
2020/06/25 16:15:48 16 log message
2020/06/25 16:15:48 17 log message
2020/06/25 16:15:48 18 log message
2020/06/25 16:15:48 19 log message
2020/06/25 16:15:48 20 log message
2020/06/25 16:15:48 21 log message
2020/06/25 16:15:48 22 log message
2020/06/25 16:15:48 23 log message
2020/06/25 16:15:48 24 log message
2020/06/25 16:15:48 25 log message
2020/06/25 16:15:48 26 log message
2020/06/25 16:15:48 27 log message
2020/06/25 16:15:48 28 log message
2020/06/25 16:15:48 29 log message
2020/06/25 16:15:48 30 log message
2020/06/25 16:15:48 31 log message
2020/06/25 16:15:48 32 log message
2020/06/25 16:15:48 33 log message
2020/06/25 16:15:48 34 log message
2020/06/25 16:15:48 35 log message
2020/06/25 16:15:48 36 log message
2020/06/25 16:15:48 37 log message
2020/06/25 16:15:48 38 log message
2020/06/25 16:15:48 39 log message
2020/06/25 16:15:48 40 log message
2020/06/25 16:15:48 41 log message
2020/06/25 16:15:48 42 log message
2020/06/25 16:15:48 43 log message
2020/06/25 16:15:48 44 log message
2020/06/25 16:15:48 45 log message
2020/06/25 16:15:48 46 log message
2020/06/25 16:15:48 47 log message
2020/06/25 16:15:48 48 log message
2020/06/25 16:15:48 49 log message
2020/06/25 16:15:48 50 log message
2020/06/25 16:15:48 51 log message
2020/06/25 16:15:48 52 log message
2020/06/25 16:15:48 53 log message
2020/06/25 16:15:48 54 log message
2020/06/25 16:15:48 55 log message
2020/06/25 16:15:48 56 log message
2020/06/25 16:15:48 57 log message
2020/06/25 16:15:48 58 log message
2020/06/25 16:15:48 59 log message
2020/06/25 16:15:48 60 log message
2020/06/25 16:15:48 61 log message
2020/06/25 16:15:48 62 log message
2020/06/25 16:15:48 63 log message
2020/06/25 16:15:48 64 log message
2020/06/25 16:15:48 65 log message
2020/06/25 16:15:48 66 log message
2020/06/25 16:15:48 67 log message
2020/06/25 16:15:48 68 log message
2020/06/25 16:15:48 69 log message
2020/06/25 16:15:48 70 log message
2020/06/25 16:15:48 71 log message
2020/06/25 16:15:48 72 log message
2020/06/25 16:15:48 73 log message
2020/06/25 16:15:48 74 log message
2020/06/25 16:15:48 75 log message
2020/06/25 16:15:48 76 log message
2020/06/25 16:15:48 77 log message
2020/06/25 16:15:48 78 log message
2020/06/25 16:15:48 79 log message
2020/06/25 16:15:48 80 log message
2020/06/25 16:15:48 81 log message
2020/06/25 16:15:48 82 log message
2020/06/25 16:15:48 83 log message
2020/06/25 16:15:48 84 log message
2020/06/25 16:15:48 85 log message
2020/06/25 16:15:48 86 log message
2020/06/25 16:15:48 87 log message
2020/06/25 16:15:48 88 log message
2020/06/25 16:15:48 89 log message
2020/06/25 16:15:48 90 log message
2020/06/25 16:15:48 91 log message
2020/06/25 16:15:48 92 log message
2020/06/25 16:15:48 93 log message
2020/06/25 16:15:48 94 log message
2020/06/25 16:15:48 95 log message
2020/06/25 16:15:48 96 log message
2020/06/25 16:15:48 97 log message
2020/06/25 16:15:48 98 log message
2020/06/25 16:15:48 99 log message
2020/06/25 16:15:48 Setting database file to ./traveller.db
2020/06/25 16:18:26 ---------------------
2020/06/25 16:18:26 Traveller started
2020/06/25 16:18:26 0 log message
2020/06/25 16:18:26 1 log message
2020/06/25 16:18:26 2 log message
2020/06/25 16:18:26 3 log message
2020/06/25 16:18:26 4 log message
2020/06/25 16:18:26 5 log message
2020/06/25 16:18:26 6 log message
2020/06/25 16:18:26 7 log message
2020/06/25 16:18:26 8 log message
2020/06/25 16:18:26 9 log message
2020/06/25 16:18:26 10 log message
2020/06/25 16:18:26 11 log message
2020/06/25 16:18:26 12 log message
2020/06/25 16:18:26 13 log message
2020/06/25 16:18:26 14 log message
2020/06/25 16:18:26 15 log message
2020/06/25 16:18:26 16 log message
2020/06/25 16:18:26 17 log message
2020/06/25 16:18:26 18 log message
2020/06/25 16:18:26 19 log message
2020/06/25 16:18:26 20 log message
2020/06/25 16:18:26 21 log message
2020/06/25 16:18:26 22 log message
2020/06/25 16:18:26 23 log message
2020/06/25 16:18:26 24 log message
2020/06/25 16:18:26 25 log message
2020/06/25 16:18:26 26 log message
2020/06/25 16:18:26 27 log message
2020/06/25 16:18:26 28 log message
2020/06/25 16:18:26 29 log message
2020/06/25 16:18:26 30 log message
2020/06/25 16:18:26 31 log message
2020/06/25 16:18:26 32 log message
2020/06/25 16:18:26 33 log message
2020/06/25 16:18:26 34 log message
2020/06/25 16:18:26 35 log message
2020/06/25 16:18:26 36 log message
2020/06/25 16:18:26 37 log message
2020/06/25 16:18:26 38 log message
2020/06/25 16:18:26 39 log message
2020/06/25 16:18:26 40 log message
2020/06/25 16:18:26 41 log message
2020/06/25 16:18:26 42 log message
2020/06/25 16:18:26 43 log message
2020/06/25 16:18:26 44 log message
2020/06/25 16:18:26 45 log message
2020/06/25 16:18:26 46 log message
2020/06/25 16:18:26 47 log message
2020/06/25 16:18:26 48 log message
2020/06/25 16:18:26 49 log message
2020/06/25 16:18:26 50 log message
2020/06/25 16:18:26 51 log message
2020/06/25 16:18:26 52 log message
2020/06/25 16:18:26 53 log message
2020/06/25 16:18:26 54 log message
2020/06/25 16:18:26 55 log message
2020/06/25 16:18:26 56 log message
2020/06/25 16:18:26 57 log message
2020/06/25 16:18:26 58 log message
2020/06/25 16:18:26 59 log message
2020/06/25 16:18:26 60 log message
2020/06/25 16:18:26 61 log message
2020/06/25 16:18:26 62 log message
2020/06/25 16:18:26 63 log message
2020/06/25 16:18:26 64 log message
2020/06/25 16:18:26 65 log message
2020/06/25 16:18:26 66 log message
2020/06/25 16:18:26 67 log message
2020/06/25 16:18:26 68 log message
2020/06/25 16:18:26 69 log message
2020/06/25 16:18:26 70 log message
2020/06/25 16:18:26 71 log message
2020/06/25 16:18:26 72 log message
2020/06/25 16:18:26 73 log message
2020/06/25 16:18:26 74 log message
2020/06/25 16:18:26 75 log message
2020/06/25 16:18:26 76 log message
2020/06/25 16:18:26 77 log message
2020/06/25 16:18:26 78 log message
2020/06/25 16:18:26 79 log message
2020/06/25 16:18:26 80 log message
2020/06/25 16:18:26 81 log message
2020/06/25 16:18:26 82 log message
2020/06/25 16:18:26 83 log message
2020/06/25 16:18:26 84 log message
2020/06/25 16:18:26 85 log message
2020/06/25 16:18:26 86 log message
2020/06/25 16:18:26 87 log message
2020/06/25 16:18:26 88 log message
2020/06/25 16:18:26 89 log message
2020/06/25 16:18:26 90 log message
2020/06/25 16:18:26 91 log message
2020/06/25 16:18:26 92 log message
2020/06/25 16:18:26 93 log message
2020/06/25 16:18:26 94 log message
2020/06/25 16:18:26 95 log message
2020/06/25 16:18:26 96 log message
2020/06/25 16:18:26 97 log message
2020/06/25 16:18:26 98 log message
2020/06/25 16:18:26 99 log message
2020/06/25 16:18:26 Setting database file to ./traveller.db
2020/06/25 16:48:58 ---------------------
2020/06/25 16:48:58 Traveller started
2020/06/25 16:48:58 0 log message
2020/06/25 16:48:58 1 log message
2020/06/25 16:48:58 2 log message
2020/06/25 16:48:58 3 log message
2020/06/25 16:48:58 4 log message
2020/06/25 16:48:58 5 log message
2020/06/25 16:48:58 6 log message
2020/06/25 16:48:58 7 log message
2020/06/25 16:48:58 8 log message
2020/06/25 16:48:58 9 log message
2020/06/25 16:48:58 10 log message
2020/06/25 16:48:58 11 log message
2020/06/25 16:48:58 12 log message
2020/06/25 16:48:58 13 log message
2020/06/25 16:48:58 14 log message
2020/06/25 16:48:58 15 log message
2020/06/25 16:48:58 16 log message
2020/06/25 16:48:58 17 log message
2020/06/25 16:48:58 18 log message
2020/06/25 16:48:58 19 log message
2020/06/25 16:48:58 20 log message
2020/06/25 16:48:58 21 log message
2020/06/25 16:48:58 22 log message
2020/06/25 16:48:58 23 log message
2020/06/25 16:48:58 24 log message
2020/06/25 16:48:58 25 log message
2020/06/25 16:48:58 26 log message
2020/06/25 16:48:58 27 log message
2020/06/25 16:48:58 28 log message
2020/06/25 16:48:58 29 log message
2020/06/25 16:48:58 30 log message
2020/06/25 16:48:58 31 log message
2020/06/25 16:48:58 32 log message
2020/06/25 16:48:58 33 log message
2020/06/25 16:48:58 34 log message
2020/06/25 16:48:58 35 log message
2020/06/25 16:48:58 36 log message
2020/06/25 16:48:58 37 log message
2020/06/25 16:48:58 38 log message
2020/06/25 16:48:58 39 log message
2020/06/25 16:48:58 40 log message
2020/06/25 16:48:58 41 log message
2020/06/25 16:48:58 42 log message
2020/06/25 16:48:58 43 log message
2020/06/25 16:48:58 44 log message
2020/06/25 16:48:58 45 log message
2020/06/25 16:48:58 46 log message
2020/06/25 16:48:58 47 log message
2020/06/25 16:48:58 48 log message
2020/06/25 16:48:58 49 log message
2020/06/25 16:48:58 50 log message
2020/06/25 16:48:58 51 log message
2020/06/25 16:48:58 52 log message
2020/06/25 16:48:58 53 log message
2020/06/25 16:48:58 54 log message
2020/06/25 16:48:58 55 log message
2020/06/25 16:48:58 56 log message
2020/06/25 16:48:58 57 log message
2020/06/25 16:48:58 58 log message
2020/06/25 16:48:58 59 log message
2020/06/25 16:48:58 60 log message
2020/06/25 16:48:58 61 log message
2020/06/25 16:48:58 62 log message
2020/06/25 16:48:58 63 log message
2020/06/25 16:48:58 64 log message
2020/06/25 16:48:58 65 log message
2020/06/25 16:48:58 66 log message
2020/06/25 16:48:58 67 log message
2020/06/25 16:48:58 68 log message
2020/06/25 16:48:58 69 log message
2020/06/25 16:48:58 70 log message
2020/06/25 16:48:58 71 log message
2020/06/25 16:48:58 72 log message
2020/06/25 16:48:58 73 log message
2020/06/25 16:48:58 74 log message
2020/06/25 16:48:58 75 log message
2020/06/25 16:48:58 76 log message
2020/06/25 16:48:58 77 log message
2020/06/25 16:48:58 78 log message
2020/06/25 16:48:58 79 log message
2020/06/25 16:48:58 80 log message
2020/06/25 16:48:58 81 log message
2020/06/25 16:48:58 82 log message
2020/06/25 16:48:58 83 log message
2020/06/25 16:48:58 84 log message
2020/06/25 16:48:58 85 log message
2020/06/25 16:48:58 86 log message
2020/06/25 16:48:58 87 log message
2020/06/25 16:48:58 88 log message
2020/06/25 16:48:58 89 log message
2020/06/25 16:48:58 90 log message
2020/06/25 16:48:58 91 log message
2020/06/25 16:48:58 92 log message
2020/06/25 16:48:58 93 log message
2020/06/25 16:48:58 94 log message
2020/06/25 16:48:58 95 log message
2020/06/25 16:48:58 96 log message
2020/06/25 16:48:58 97 log message
2020/06/25 16:48:58 98 log message
2020/06/25 16:48:58 99 log message
2020/06/25 16:48:58 Setting database file to ./traveller.db
